#
# There is insufficient memory for the Java Runtime Environment to continue.
# Native memory allocation (malloc) failed to allocate 100663296 bytes for committing reserved memory.
# Possible reasons:
#   The system is out of physical RAM or swap space
#   In 32 bit mode, the process size limit was hit
# Possible solutions:
#   Reduce memory load on the system
#   Increase physical memory or swap space
#   Check if swap backing store is full
#   Use 64 bit Java on a 64 bit OS
#   Decrease Java heap size (-Xmx/-Xms)
#   Decrease number of Java threads
#   Decrease Java thread stack sizes (-Xss)
#   Set larger code cache with -XX:ReservedCodeCacheSize=
# This output file may be truncated or incomplete.
#
#  Out of Memory Error (os_linux.cpp:2726), pid=16541, tid=139754827470592
#
# JRE version: Java(TM) SE Runtime Environment (7.0_55-b13) (build 1.7.0_55-b13)
# Java VM: Java HotSpot(TM) 64-Bit Server VM (24.55-b03 mixed mode linux-amd64 compressed oops)
# Failed to write core dump. Core dumps have been disabled. To enable core dumping, try "ulimit -c unlimited" before starting Java again
#

---------------  T H R E A D  ---------------

Current thread (0x00007f1b40069000):  VMThread [stack: 0x00007f1b34c8d000,0x00007f1b34d8e000] [id=16545]

Stack: [0x00007f1b34c8d000,0x00007f1b34d8e000],  sp=0x00007f1b34d8c010,  free space=1020k
Native frames: (J=compiled Java code, j=interpreted, Vv=VM code, C=native code)
V  [libjvm.so+0x99305a]  VMError::report_and_die()+0x2ea
V  [libjvm.so+0x4931fb]  report_vm_out_of_memory(char const*, int, unsigned long, char const*)+0x9b
V  [libjvm.so+0x8134be]  os::Linux::commit_memory_impl(char*, unsigned long, bool)+0xfe
V  [libjvm.so+0x81396f]  os::Linux::commit_memory_impl(char*, unsigned long, unsigned long, bool)+0x4f
V  [libjvm.so+0x813b5c]  os::pd_commit_memory(char*, unsigned long, unsigned long, bool)+0xc
V  [libjvm.so+0x80dc1a]  os::commit_memory(char*, unsigned long, unsigned long, bool)+0x2a
V  [libjvm.so+0x87fde3]  PSVirtualSpace::expand_by(unsigned long)+0x53
V  [libjvm.so+0x8811b8]  PSYoungGen::resize_generation(unsigned long, unsigned long)+0xf8
V  [libjvm.so+0x880322]  PSYoungGen::resize(unsigned long, unsigned long)+0x22
V  [libjvm.so+0x87d7bb]  PSScavenge::invoke_no_policy()+0xf3b
V  [libjvm.so+0x87df21]  PSScavenge::invoke()+0x41
V  [libjvm.so+0x835020]  ParallelScavengeHeap::failed_mem_allocate(unsigned long)+0x70
V  [libjvm.so+0x9948f7]  VM_ParallelGCFailedAllocation::doit()+0x97
V  [libjvm.so+0x99bd25]  VM_Operation::evaluate()+0x55
V  [libjvm.so+0x99a15a]  VMThread::evaluate_operation(VM_Operation*)+0xba
V  [libjvm.so+0x99a4de]  VMThread::loop()+0x1ce
V  [libjvm.so+0x99a950]  VMThread::run()+0x70
V  [libjvm.so+0x815668]  java_start(Thread*)+0x108

VM_Operation (0x00007f1b480f7130): ParallelGCFailedAllocation, mode: safepoint, requested by thread 0x00007f1b4000e000


---------------  P R O C E S S  ---------------

Java Threads: ( => current thread )
  0x00007f1b400a5800 JavaThread "Service Thread" daemon [_thread_blocked, id=16556, stack(0x00007f1b34180000,0x00007f1b34281000)]
  0x00007f1b400a3800 JavaThread "C2 CompilerThread1" daemon [_thread_blocked, id=16555, stack(0x00007f1b34281000,0x00007f1b34382000)]
  0x00007f1b400a0800 JavaThread "C2 CompilerThread0" daemon [_thread_in_native, id=16554, stack(0x00007f1b34382000,0x00007f1b34483000)]
  0x00007f1b20001000 JavaThread "JDWP Command Reader" daemon [_thread_in_native, id=16553, stack(0x00007f1b34483000,0x00007f1b34584000)]
  0x00007f1b4009e000 JavaThread "JDWP Event Helper Thread" daemon [_thread_blocked, id=16551, stack(0x00007f1b34584000,0x00007f1b34685000)]
  0x00007f1b4009a800 JavaThread "JDWP Transport Listener: dt_socket" daemon [_thread_blocked, id=16550, stack(0x00007f1b34685000,0x00007f1b34786000)]
  0x00007f1b40085800 JavaThread "Signal Dispatcher" daemon [_thread_blocked, id=16548, stack(0x00007f1b3498a000,0x00007f1b34a8b000)]
  0x00007f1b4006f800 JavaThread "Finalizer" daemon [_thread_blocked, id=16547, stack(0x00007f1b34a8b000,0x00007f1b34b8c000)]
  0x00007f1b4006b800 JavaThread "Reference Handler" daemon [_thread_blocked, id=16546, stack(0x00007f1b34b8c000,0x00007f1b34c8d000)]
  0x00007f1b4000e000 JavaThread "main" [_thread_blocked, id=16542, stack(0x00007f1b47ff8000,0x00007f1b480f9000)]

Other Threads:
=>0x00007f1b40069000 VMThread [stack: 0x00007f1b34c8d000,0x00007f1b34d8e000] [id=16545]
  0x00007f1b400b0800 WatcherThread [stack: 0x00007f1b3407f000,0x00007f1b34180000] [id=16557]

VM state:at safepoint (normal execution)

VM Mutex/Monitor currently owned by a thread:  ([mutex/lock_event])
[0x00007f1b4000a3e0] Threads_lock - owner thread: 0x00007f1b40069000
[0x00007f1b4000a8e0] Heap_lock - owner thread: 0x00007f1b4000e000

Heap
 PSYoungGen      total 99328K, used 32K [0x00000000e1680000, 0x00000000e7880000, 0x0000000100000000)
  eden space 98304K, 0% used [0x00000000e1680000,0x00000000e1680000,0x00000000e7680000)
  from space 1024K, 3% used [0x00000000e7680000,0x00000000e7688000,0x00000000e7780000)
  to   space 1024K, 0% used [0x00000000e7780000,0x00000000e7780000,0x00000000e7880000)
 ParOldGen       total 62464K, used 522K [0x00000000a4400000, 0x00000000a8100000, 0x00000000e1680000)
  object space 62464K, 0% used [0x00000000a4400000,0x00000000a4482bc0,0x00000000a8100000)
 PSPermGen       total 21504K, used 4076K [0x000000009f200000, 0x00000000a0700000, 0x00000000a4400000)
  object space 21504K, 18% used [0x000000009f200000,0x000000009f5fb3f0,0x00000000a0700000)

Card table byte_map: [0x00007f1b44250000,0x00007f1b44558000] byte_map_base: 0x00007f1b43d57000

Polling page: 0x00007f1b48111000

Code Cache  [0x00007f1b3d000000, 0x00007f1b3d270000, 0x00007f1b40000000)
 total_blobs=264 nmethods=52 adapters=175 free_code_cache=48511Kb largest_free_block=49576640

Compilation events (10 events):
Event: 1,901 Thread 0x00007f1b400a0800   48             com.sun.jersey.spi.scanning.AnnotationScannerListener$AnnotatedClassVisitor::visitInnerClass (52 bytes)
Event: 1,903 Thread 0x00007f1b400a0800 nmethod 48 0x00007f1b3d07d8d0 code [0x00007f1b3d07da20, 0x00007f1b3d07dbf8]
Event: 1,982 Thread 0x00007f1b400a0800   49             java.lang.String::<init> (67 bytes)
Event: 1,987 Thread 0x00007f1b400a0800 nmethod 49 0x00007f1b3d080250 code [0x00007f1b3d0803a0, 0x00007f1b3d080698]
Event: 2,000 Thread 0x00007f1b400a0800   50             java.util.zip.InflaterInputStream::ensureOpen (18 bytes)
Event: 2,001 Thread 0x00007f1b400a0800 nmethod 50 0x00007f1b3d07d690 code [0x00007f1b3d07d7c0, 0x00007f1b3d07d838]
Event: 2,015 Thread 0x00007f1b400a3800 nmethod 16 0x00007f1b3d096c50 code [0x00007f1b3d097520, 0x00007f1b3d0a8ee0]
Event: 2,038 Thread 0x00007f1b400a0800   51 %           org.objectweb.asm.ClassReader::accept @ 273 (5621 bytes)
Event: 2,083 Thread 0x00007f1b400a3800   52   !         java.util.zip.Inflater::inflate (113 bytes)
Event: 2,088 Thread 0x00007f1b400a3800 nmethod 52 0x00007f1b3d07f990 code [0x00007f1b3d07fb00, 0x00007f1b3d07ffa8]

GC Heap History (10 events):
Event: 1,426 GC heap after
Heap after GC invocations=2 (full 0):
 PSYoungGen      total 28160K, used 557K [0x00000000e1680000, 0x00000000e4d80000, 0x0000000100000000)
  eden space 24576K, 0% used [0x00000000e1680000,0x00000000e1680000,0x00000000e2e80000)
  from space 3584K, 15% used [0x00000000e3200000,0x00000000e328b6b0,0x00000000e3580000)
  to   space 3584K, 0% used [0x00000000e2e80000,0x00000000e2e80000,0x00000000e3200000)
 ParOldGen       total 62464K, used 0K [0x00000000a4400000, 0x00000000a8100000, 0x00000000e1680000)
  object space 62464K, 0% used [0x00000000a4400000,0x00000000a4400000,0x00000000a8100000)
 PSPermGen       total 21504K, used 4065K [0x000000009f200000, 0x00000000a0700000, 0x00000000a4400000)
  object space 21504K, 18% used [0x000000009f200000,0x000000009f5f8530,0x00000000a0700000)
}
Event: 1,568 GC heap before
{Heap before GC invocations=3 (full 0):
 PSYoungGen      total 28160K, used 25133K [0x00000000e1680000, 0x00000000e4d80000, 0x0000000100000000)
  eden space 24576K, 100% used [0x00000000e1680000,0x00000000e2e80000,0x00000000e2e80000)
  from space 3584K, 15% used [0x00000000e3200000,0x00000000e328b6b0,0x00000000e3580000)
  to   space 3584K, 0% used [0x00000000e2e80000,0x00000000e2e80000,0x00000000e3200000)
 ParOldGen       total 62464K, used 0K [0x00000000a4400000, 0x00000000a8100000, 0x00000000e1680000)
  object space 62464K, 0% used [0x00000000a4400000,0x00000000a4400000,0x00000000a8100000)
 PSPermGen       total 21504K, used 4076K [0x000000009f200000, 0x00000000a0700000, 0x00000000a4400000)
  object space 21504K, 18% used [0x000000009f200000,0x000000009f5fb080,0x00000000a0700000)
Event: 1,574 GC heap after
Heap after GC invocations=3 (full 0):
 PSYoungGen      total 28160K, used 589K [0x00000000e1680000, 0x00000000e4d80000, 0x0000000100000000)
  eden space 24576K, 0% used [0x00000000e1680000,0x00000000e1680000,0x00000000e2e80000)
  from space 3584K, 16% used [0x00000000e2e80000,0x00000000e2f136b0,0x00000000e3200000)
  to   space 3584K, 0% used [0x00000000e4a00000,0x00000000e4a00000,0x00000000e4d80000)
 ParOldGen       total 62464K, used 0K [0x00000000a4400000, 0x00000000a8100000, 0x00000000e1680000)
  object space 62464K, 0% used [0x00000000a4400000,0x00000000a4400000,0x00000000a8100000)
 PSPermGen       total 21504K, used 4076K [0x000000009f200000, 0x00000000a0700000, 0x00000000a4400000)
  object space 21504K, 18% used [0x000000009f200000,0x000000009f5fb080,0x00000000a0700000)
}
Event: 1,697 GC heap before
{Heap before GC invocations=4 (full 0):
 PSYoungGen      total 28160K, used 25144K [0x00000000e1680000, 0x00000000e4d80000, 0x0000000100000000)
  eden space 24576K, 99% used [0x00000000e1680000,0x00000000e2e7aac0,0x00000000e2e80000)
  from space 3584K, 16% used [0x00000000e2e80000,0x00000000e2f136b0,0x00000000e3200000)
  to   space 3584K, 0% used [0x00000000e4a00000,0x00000000e4a00000,0x00000000e4d80000)
 ParOldGen       total 62464K, used 0K [0x00000000a4400000, 0x00000000a8100000, 0x00000000e1680000)
  object space 62464K, 0% used [0x00000000a4400000,0x00000000a4400000,0x00000000a8100000)
 PSPermGen       total 21504K, used 4076K [0x000000009f200000, 0x00000000a0700000, 0x00000000a4400000)
  object space 21504K, 18% used [0x000000009f200000,0x000000009f5fb138,0x00000000a0700000)
Event: 1,701 GC heap after
Heap after GC invocations=4 (full 0):
 PSYoungGen      total 52736K, used 578K [0x00000000e1680000, 0x00000000e4d80000, 0x0000000100000000)
  eden space 49152K, 0% used [0x00000000e1680000,0x00000000e1680000,0x00000000e4680000)
  from space 3584K, 16% used [0x00000000e4a00000,0x00000000e4a908d0,0x00000000e4d80000)
  to   space 3584K, 0% used [0x00000000e4680000,0x00000000e4680000,0x00000000e4a00000)
 ParOldGen       total 62464K, used 0K [0x00000000a4400000, 0x00000000a8100000, 0x00000000e1680000)
  object space 62464K, 0% used [0x00000000a4400000,0x00000000a4400000,0x00000000a8100000)
 PSPermGen       total 21504K, used 4076K [0x000000009f200000, 0x00000000a0700000, 0x00000000a4400000)
  object space 21504K, 18% used [0x000000009f200000,0x000000009f5fb138,0x00000000a0700000)
}
Event: 2,147 GC heap before
{Heap before GC invocations=5 (full 0):
 PSYoungGen      total 52736K, used 49718K [0x00000000e1680000, 0x00000000e4d80000, 0x0000000100000000)
  eden space 49152K, 99% used [0x00000000e1680000,0x00000000e467d300,0x00000000e4680000)
  from space 3584K, 16% used [0x00000000e4a00000,0x00000000e4a908d0,0x00000000e4d80000)
  to   space 3584K, 0% used [0x00000000e4680000,0x00000000e4680000,0x00000000e4a00000)
 ParOldGen       total 62464K, used 0K [0x00000000a4400000, 0x00000000a8100000, 0x00000000e1680000)
  object space 62464K, 0% used [0x00000000a4400000,0x00000000a4400000,0x00000000a8100000)
 PSPermGen       total 21504K, used 4076K [0x000000009f200000, 0x00000000a0700000, 0x00000000a4400000)
  object space 21504K, 18% used [0x000000009f200000,0x000000009f5fb3f0,0x00000000a0700000)
Event: 2,149 GC heap after
Heap after GC invocations=5 (full 0):
 PSYoungGen      total 52736K, used 681K [0x00000000e1680000, 0x00000000e7880000, 0x0000000100000000)
  eden space 49152K, 0% used [0x00000000e1680000,0x00000000e1680000,0x00000000e4680000)
  from space 3584K, 19% used [0x00000000e4680000,0x00000000e472a618,0x00000000e4a00000)
  to   space 1024K, 0% used [0x00000000e7780000,0x00000000e7780000,0x00000000e7880000)
 ParOldGen       total 62464K, used 8K [0x00000000a4400000, 0x00000000a8100000, 0x00000000e1680000)
  object space 62464K, 0% used [0x00000000a4400000,0x00000000a4402000,0x00000000a8100000)
 PSPermGen       total 21504K, used 4076K [0x000000009f200000, 0x00000000a0700000, 0x00000000a4400000)
  object space 21504K, 18% used [0x000000009f200000,0x000000009f5fb3f0,0x00000000a0700000)
}
Event: 2,177 GC heap before
{Heap before GC invocations=6 (full 0):
 PSYoungGen      total 52736K, used 49818K [0x00000000e1680000, 0x00000000e7880000, 0x0000000100000000)
  eden space 49152K, 99% used [0x00000000e1680000,0x00000000e467c2a0,0x00000000e4680000)
  from space 3584K, 19% used [0x00000000e4680000,0x00000000e472a618,0x00000000e4a00000)
  to   space 1024K, 0% used [0x00000000e7780000,0x00000000e7780000,0x00000000e7880000)
 ParOldGen       total 62464K, used 8K [0x00000000a4400000, 0x00000000a8100000, 0x00000000e1680000)
  object space 62464K, 0% used [0x00000000a4400000,0x00000000a4402000,0x00000000a8100000)
 PSPermGen       total 21504K, used 4076K [0x000000009f200000, 0x00000000a0700000, 0x00000000a4400000)
  object space 21504K, 18% used [0x000000009f200000,0x000000009f5fb3f0,0x00000000a0700000)
Event: 2,181 GC heap after
Heap after GC invocations=6 (full 0):
 PSYoungGen      total 99328K, used 575K [0x00000000e1680000, 0x00000000e7880000, 0x0000000100000000)
  eden space 98304K, 0% used [0x00000000e1680000,0x00000000e1680000,0x00000000e7680000)
  from space 1024K, 56% used [0x00000000e7780000,0x00000000e780fe00,0x00000000e7880000)
  to   space 1024K, 0% used [0x00000000e7680000,0x00000000e7680000,0x00000000e7780000)
 ParOldGen       total 62464K, used 8K [0x00000000a4400000, 0x00000000a8100000, 0x00000000e1680000)
  object space 62464K, 0% used [0x00000000a4400000,0x00000000a4402000,0x00000000a8100000)
 PSPermGen       total 21504K, used 4076K [0x000000009f200000, 0x00000000a0700000, 0x00000000a4400000)
  object space 21504K, 18% used [0x000000009f200000,0x000000009f5fb3f0,0x00000000a0700000)
}
Event: 2,315 GC heap before
{Heap before GC invocations=7 (full 0):
 PSYoungGen      total 99328K, used 98879K [0x00000000e1680000, 0x00000000e7880000, 0x0000000100000000)
  eden space 98304K, 100% used [0x00000000e1680000,0x00000000e7680000,0x00000000e7680000)
  from space 1024K, 56% used [0x00000000e7780000,0x00000000e780fe00,0x00000000e7880000)
  to   space 1024K, 0% used [0x00000000e7680000,0x00000000e7680000,0x00000000e7780000)
 ParOldGen       total 62464K, used 8K [0x00000000a4400000, 0x00000000a8100000, 0x00000000e1680000)
  object space 62464K, 0% used [0x00000000a4400000,0x00000000a4402000,0x00000000a8100000)
 PSPermGen       total 21504K, used 4076K [0x000000009f200000, 0x00000000a0700000, 0x00000000a4400000)
  object space 21504K, 18% used [0x000000009f200000,0x000000009f5fb3f0,0x00000000a0700000)

Deoptimization events (1 events):
Event: 2,024 Thread 0x00007f1b4000e000 Uncommon trap: reason=unreached action=reinterpret pc=0x00007f1b3d0a3fdc method=org.objectweb.asm.ClassReader.accept(Lorg/objectweb/asm/ClassVisitor;[Lorg/objectweb/asm/Attribute;I)V @ 712

Internal exceptions (10 events):
Event: 0,818 Thread 0x00007f1b4000e000 Threw 0x00000000e1cbe168 at /HUDSON/workspace/7u-2-build-linux-amd64/jdk7u55/869/hotspot/src/share/vm/prims/jvm.cpp:1244
Event: 0,820 Thread 0x00007f1b4000e000 Threw 0x00000000e1cc2ac0 at /HUDSON/workspace/7u-2-build-linux-amd64/jdk7u55/869/hotspot/src/share/vm/prims/jvm.cpp:1244
Event: 0,822 Thread 0x00007f1b4000e000 Threw 0x00000000e1cc8630 at /HUDSON/workspace/7u-2-build-linux-amd64/jdk7u55/869/hotspot/src/share/vm/prims/jvm.cpp:1244
Event: 0,825 Thread 0x00007f1b4000e000 Threw 0x00000000e1cd15f0 at /HUDSON/workspace/7u-2-build-linux-amd64/jdk7u55/869/hotspot/src/share/vm/prims/jvm.cpp:1244
Event: 0,828 Thread 0x00007f1b4000e000 Threw 0x00000000e1cd7090 at /HUDSON/workspace/7u-2-build-linux-amd64/jdk7u55/869/hotspot/src/share/vm/prims/jvm.cpp:1244
Event: 0,830 Thread 0x00007f1b4000e000 Threw 0x00000000e1cdbc28 at /HUDSON/workspace/7u-2-build-linux-amd64/jdk7u55/869/hotspot/src/share/vm/prims/jvm.cpp:1244
Event: 0,835 Thread 0x00007f1b4000e000 Threw 0x00000000e1cf1a28 at /HUDSON/workspace/7u-2-build-linux-amd64/jdk7u55/869/hotspot/src/share/vm/prims/jvm.cpp:1244
Event: 0,848 Thread 0x00007f1b4000e000 Threw 0x00000000e1d04050 at /HUDSON/workspace/7u-2-build-linux-amd64/jdk7u55/869/hotspot/src/share/vm/prims/jvm.cpp:1244
Event: 1,292 Thread 0x00007f1b4000e000 Threw 0x00000000e1d8cfe0 at /HUDSON/workspace/7u-2-build-linux-amd64/jdk7u55/869/hotspot/src/share/vm/prims/jvm.cpp:1244
Event: 1,504 Thread 0x00007f1b4000e000 Threw 0x00000000e24c34f8 at /HUDSON/workspace/7u-2-build-linux-amd64/jdk7u55/869/hotspot/src/share/vm/prims/jvm.cpp:1244

Events (10 events):
Event: 1,697 Executing VM operation: ParallelGCFailedAllocation
Event: 1,701 Executing VM operation: ParallelGCFailedAllocation done
Event: 2,023 Thread 0x00007f1b4000e000 Uncommon trap: trap_request=0xffffffad fr.pc=0x00007f1b3d0a3fdc
Event: 2,024 Thread 0x00007f1b4000e000 DEOPT PACKING pc=0x00007f1b3d0a3fdc sp=0x00007f1b480f7130
Event: 2,024 Thread 0x00007f1b4000e000 DEOPT UNPACKING pc=0x00007f1b3d039045 sp=0x00007f1b480f7068 mode 2
Event: 2,147 Executing VM operation: ParallelGCFailedAllocation
Event: 2,149 Executing VM operation: ParallelGCFailedAllocation done
Event: 2,177 Executing VM operation: ParallelGCFailedAllocation
Event: 2,181 Executing VM operation: ParallelGCFailedAllocation done
Event: 2,315 Executing VM operation: ParallelGCFailedAllocation


Dynamic libraries:
00400000-00401000 r-xp 00000000 08:05 289291                             /usr/lib/jvm/java-7-oracle/bin/java
00600000-00601000 rw-p 00000000 08:05 289291                             /usr/lib/jvm/java-7-oracle/bin/java
013fe000-0141f000 rw-p 00000000 00:00 0                                  [heap]
9f200000-a0700000 rw-p 00000000 00:00 0 
a0700000-a4400000 rw-p 00000000 00:00 0 
a4400000-a8100000 rw-p 00000000 00:00 0 
a8100000-e1680000 rw-p 00000000 00:00 0 
e1680000-e7880000 rw-p 00000000 00:00 0 
ed880000-100000000 rw-p 00000000 00:00 0 
7f1b03bd8000-7f1b03bee000 r-xp 00000000 08:05 153709                     /usr/lib/jvm/java-7-oracle/jre/lib/amd64/libnet.so
7f1b03bee000-7f1b03dee000 ---p 00016000 08:05 153709                     /usr/lib/jvm/java-7-oracle/jre/lib/amd64/libnet.so
7f1b03dee000-7f1b03def000 rw-p 00016000 08:05 153709                     /usr/lib/jvm/java-7-oracle/jre/lib/amd64/libnet.so
7f1b03def000-7f1b03dff000 r-xp 00000000 08:05 153663                     /usr/lib/jvm/java-7-oracle/jre/lib/amd64/libnio.so
7f1b03dff000-7f1b03fff000 ---p 00010000 08:05 153663                     /usr/lib/jvm/java-7-oracle/jre/lib/amd64/libnio.so
7f1b03fff000-7f1b04000000 rw-p 00010000 08:05 153663                     /usr/lib/jvm/java-7-oracle/jre/lib/amd64/libnio.so
7f1b04000000-7f1b04021000 rw-p 00000000 00:00 0 
7f1b04021000-7f1b08000000 ---p 00000000 00:00 0 
7f1b08000000-7f1b08021000 rw-p 00000000 00:00 0 
7f1b08021000-7f1b0c000000 ---p 00000000 00:00 0 
7f1b0c000000-7f1b0cd73000 rw-p 00000000 00:00 0 
7f1b0cd73000-7f1b10000000 ---p 00000000 00:00 0 
7f1b10000000-7f1b1165c000 rw-p 00000000 00:00 0 
7f1b1165c000-7f1b14000000 ---p 00000000 00:00 0 
7f1b14000000-7f1b14021000 rw-p 00000000 00:00 0 
7f1b14021000-7f1b18000000 ---p 00000000 00:00 0 
7f1b18000000-7f1b18021000 rw-p 00000000 00:00 0 
7f1b18021000-7f1b1c000000 ---p 00000000 00:00 0 
7f1b1c000000-7f1b1c021000 rw-p 00000000 00:00 0 
7f1b1c021000-7f1b20000000 ---p 00000000 00:00 0 
7f1b20000000-7f1b20021000 rw-p 00000000 00:00 0 
7f1b20021000-7f1b24000000 ---p 00000000 00:00 0 
7f1b24000000-7f1b24021000 rw-p 00000000 00:00 0 
7f1b24021000-7f1b28000000 ---p 00000000 00:00 0 
7f1b28000000-7f1b28021000 rw-p 00000000 00:00 0 
7f1b28021000-7f1b2c000000 ---p 00000000 00:00 0 
7f1b2c000000-7f1b2c25b000 rw-p 00000000 00:00 0 
7f1b2c25b000-7f1b30000000 ---p 00000000 00:00 0 
7f1b30000000-7f1b30029000 rw-p 00000000 00:00 0 
7f1b30029000-7f1b34000000 ---p 00000000 00:00 0 
7f1b34020000-7f1b34022000 r--s 00015000 08:05 431154                     /home/alexg/Tools/IntelliJ/lib/idea_rt.jar
7f1b34022000-7f1b34026000 r--s 000f7000 08:05 153738                     /usr/lib/jvm/java-7-oracle/jre/lib/ext/localedata.jar
7f1b34026000-7f1b34029000 r--s 00006000 08:05 450676                     /home/alexg/Projects/tripping-adventure/services-rest/lib/jackson-annotations-2.2.3.jar
7f1b34029000-7f1b3403a000 r--s 000c3000 08:05 454207                     /home/alexg/Projects/tripping-adventure/services-rest/lib/jackson-databind-2.2.3.jar
7f1b3403a000-7f1b3405b000 r--s 00154000 08:05 450698                     /home/alexg/Projects/tripping-adventure/services-rest/lib/jersey-bundle-1.18.jar
7f1b3405b000-7f1b3405f000 r--s 0002c000 08:05 430835                     /home/alexg/Projects/tripping-adventure/services-rest/lib/jackson-core-2.2.3.jar
7f1b3405f000-7f1b34066000 r--s 00038000 08:05 453570                     /home/alexg/Projects/tripping-adventure/services-rest/lib/simple-5.1.5.jar
7f1b34066000-7f1b3407f000 r--s 001df000 08:05 153772                     /usr/lib/jvm/java-7-oracle/jre/lib/deploy.jar
7f1b3407f000-7f1b34080000 ---p 00000000 00:00 0 
7f1b34080000-7f1b34180000 rw-p 00000000 00:00 0                          [stack:16557]
7f1b34180000-7f1b34183000 ---p 00000000 00:00 0 
7f1b34183000-7f1b34281000 rw-p 00000000 00:00 0                          [stack:16556]
7f1b34281000-7f1b34284000 ---p 00000000 00:00 0 
7f1b34284000-7f1b34382000 rw-p 00000000 00:00 0                          [stack:16555]
7f1b34382000-7f1b34385000 ---p 00000000 00:00 0 
7f1b34385000-7f1b34483000 rw-p 00000000 00:00 0                          [stack:16554]
7f1b34483000-7f1b34486000 ---p 00000000 00:00 0 
7f1b34486000-7f1b34584000 rw-p 00000000 00:00 0                          [stack:16553]
7f1b34584000-7f1b34587000 ---p 00000000 00:00 0 
7f1b34587000-7f1b34685000 rw-p 00000000 00:00 0                          [stack:16551]
7f1b34685000-7f1b34688000 ---p 00000000 00:00 0 
7f1b34688000-7f1b34786000 rw-p 00000000 00:00 0                          [stack:16550]
7f1b34786000-7f1b3478a000 r-xp 00000000 08:05 153678                     /usr/lib/jvm/java-7-oracle/jre/lib/amd64/libdt_socket.so
7f1b3478a000-7f1b34989000 ---p 00004000 08:05 153678                     /usr/lib/jvm/java-7-oracle/jre/lib/amd64/libdt_socket.so
7f1b34989000-7f1b3498a000 rw-p 00003000 08:05 153678                     /usr/lib/jvm/java-7-oracle/jre/lib/amd64/libdt_socket.so
7f1b3498a000-7f1b3498d000 ---p 00000000 00:00 0 
7f1b3498d000-7f1b34a8b000 rw-p 00000000 00:00 0                          [stack:16548]
7f1b34a8b000-7f1b34a8e000 ---p 00000000 00:00 0 
7f1b34a8e000-7f1b34b8c000 rw-p 00000000 00:00 0                          [stack:16547]
7f1b34b8c000-7f1b34b8f000 ---p 00000000 00:00 0 
7f1b34b8f000-7f1b34c8d000 rw-p 00000000 00:00 0                          [stack:16546]
7f1b34c8d000-7f1b34c8e000 ---p 00000000 00:00 0 
7f1b34c8e000-7f1b38000000 rw-p 00000000 00:00 0                          [stack:16545]
7f1b38000000-7f1b38027000 rw-p 00000000 00:00 0 
7f1b38027000-7f1b3c000000 ---p 00000000 00:00 0 
7f1b3c001000-7f1b3c006000 r--s 0002e000 08:05 433938                     /home/alexg/Projects/tripping-adventure/services-rest/lib/asm-all-3.3.1.jar
7f1b3c006000-7f1b3c011000 r--s 0037c000 08:05 153753                     /usr/lib/jvm/java-7-oracle/jre/lib/charsets.jar
7f1b3c011000-7f1b3c024000 r--s 000d4000 08:05 153746                     /usr/lib/jvm/java-7-oracle/jre/lib/plugin.jar
7f1b3c024000-7f1b3c0b3000 r--s 00de4000 08:05 153745                     /usr/lib/jvm/java-7-oracle/jre/lib/jfxrt.jar
7f1b3c0b3000-7f1b3c868000 rw-p 00000000 00:00 0 
7f1b3c868000-7f1b3ca26000 r--s 039d0000 08:05 153754                     /usr/lib/jvm/java-7-oracle/jre/lib/rt.jar
7f1b3ca26000-7f1b3cdfe000 rw-p 00000000 00:00 0 
7f1b3cdfe000-7f1b3cdff000 ---p 00000000 00:00 0 
7f1b3cdff000-7f1b3ceff000 rw-p 00000000 00:00 0                          [stack:16544]
7f1b3ceff000-7f1b3cf00000 ---p 00000000 00:00 0 
7f1b3cf00000-7f1b3d000000 rw-p 00000000 00:00 0                          [stack:16543]
7f1b3d000000-7f1b3d270000 rwxp 00000000 00:00 0 
7f1b3d270000-7f1b402d8000 rw-p 00000000 00:00 0 
7f1b402d8000-7f1b44000000 ---p 00000000 00:00 0 
7f1b44000000-7f1b44003000 r--s 00015000 08:05 453450                     /home/alexg/Projects/tripping-adventure/services-rest/lib/javax.servlet-api-3.1.0.jar
7f1b44003000-7f1b4400c000 r--s 00067000 08:05 153730                     /usr/lib/jvm/java-7-oracle/jre/lib/javaws.jar
7f1b4400c000-7f1b44015000 r--s 00251000 08:05 153729                     /usr/lib/jvm/java-7-oracle/jre/lib/resources.jar
7f1b44015000-7f1b44048000 rw-p 00000000 00:00 0 
7f1b44048000-7f1b44066000 rw-p 00000000 00:00 0 
7f1b44066000-7f1b44085000 rw-p 00000000 00:00 0 
7f1b44085000-7f1b44250000 rw-p 00000000 00:00 0 
7f1b44250000-7f1b4425b000 rw-p 00000000 00:00 0 
7f1b4425b000-7f1b44279000 rw-p 00000000 00:00 0 
7f1b44279000-7f1b44298000 rw-p 00000000 00:00 0 
7f1b44298000-7f1b44462000 rw-p 00000000 00:00 0 
7f1b44462000-7f1b44494000 rw-p 00000000 00:00 0 
7f1b44494000-7f1b44557000 rw-p 00000000 00:00 0 
7f1b44557000-7f1b44558000 rw-p 00000000 00:00 0 
7f1b44558000-7f1b44572000 r-xp 00000000 08:05 153712                     /usr/lib/jvm/java-7-oracle/jre/lib/amd64/libzip.so
7f1b44572000-7f1b44772000 ---p 0001a000 08:05 153712                     /usr/lib/jvm/java-7-oracle/jre/lib/amd64/libzip.so
7f1b44772000-7f1b44773000 rw-p 0001a000 08:05 153712                     /usr/lib/jvm/java-7-oracle/jre/lib/amd64/libzip.so
7f1b44773000-7f1b4477e000 r-xp 00000000 08:05 136157                     /lib/x86_64-linux-gnu/libnss_files-2.19.so
7f1b4477e000-7f1b4497d000 ---p 0000b000 08:05 136157                     /lib/x86_64-linux-gnu/libnss_files-2.19.so
7f1b4497d000-7f1b4497e000 r--p 0000a000 08:05 136157                     /lib/x86_64-linux-gnu/libnss_files-2.19.so
7f1b4497e000-7f1b4497f000 rw-p 0000b000 08:05 136157                     /lib/x86_64-linux-gnu/libnss_files-2.19.so
7f1b4497f000-7f1b4498a000 r-xp 00000000 08:05 136161                     /lib/x86_64-linux-gnu/libnss_nis-2.19.so
7f1b4498a000-7f1b44b89000 ---p 0000b000 08:05 136161                     /lib/x86_64-linux-gnu/libnss_nis-2.19.so
7f1b44b89000-7f1b44b8a000 r--p 0000a000 08:05 136161                     /lib/x86_64-linux-gnu/libnss_nis-2.19.so
7f1b44b8a000-7f1b44b8b000 rw-p 0000b000 08:05 136161                     /lib/x86_64-linux-gnu/libnss_nis-2.19.so
7f1b44b8b000-7f1b44ba2000 r-xp 00000000 08:05 136151                     /lib/x86_64-linux-gnu/libnsl-2.19.so
7f1b44ba2000-7f1b44da1000 ---p 00017000 08:05 136151                     /lib/x86_64-linux-gnu/libnsl-2.19.so
7f1b44da1000-7f1b44da2000 r--p 00016000 08:05 136151                     /lib/x86_64-linux-gnu/libnsl-2.19.so
7f1b44da2000-7f1b44da3000 rw-p 00017000 08:05 136151                     /lib/x86_64-linux-gnu/libnsl-2.19.so
7f1b44da3000-7f1b44da5000 rw-p 00000000 00:00 0 
7f1b44da5000-7f1b44dae000 r-xp 00000000 08:05 136153                     /lib/x86_64-linux-gnu/libnss_compat-2.19.so
7f1b44dae000-7f1b44fad000 ---p 00009000 08:05 136153                     /lib/x86_64-linux-gnu/libnss_compat-2.19.so
7f1b44fad000-7f1b44fae000 r--p 00008000 08:05 136153                     /lib/x86_64-linux-gnu/libnss_compat-2.19.so
7f1b44fae000-7f1b44faf000 rw-p 00009000 08:05 136153                     /lib/x86_64-linux-gnu/libnss_compat-2.19.so
7f1b44faf000-7f1b45908000 r--p 00000000 08:05 2850                       /usr/lib/locale/locale-archive
7f1b45908000-7f1b4590b000 r-xp 00000000 08:05 153706                     /usr/lib/jvm/java-7-oracle/jre/lib/amd64/libnpt.so
7f1b4590b000-7f1b45b0a000 ---p 00003000 08:05 153706                     /usr/lib/jvm/java-7-oracle/jre/lib/amd64/libnpt.so
7f1b45b0a000-7f1b45b0b000 rw-p 00002000 08:05 153706                     /usr/lib/jvm/java-7-oracle/jre/lib/amd64/libnpt.so
7f1b45b0b000-7f1b45b44000 r-xp 00000000 08:05 153711                     /usr/lib/jvm/java-7-oracle/jre/lib/amd64/libjdwp.so
7f1b45b44000-7f1b45d44000 ---p 00039000 08:05 153711                     /usr/lib/jvm/java-7-oracle/jre/lib/amd64/libjdwp.so
7f1b45d44000-7f1b45d45000 rw-p 00039000 08:05 153711                     /usr/lib/jvm/java-7-oracle/jre/lib/amd64/libjdwp.so
7f1b45d45000-7f1b45d46000 rw-p 00000000 00:00 0 
7f1b45d46000-7f1b45d6f000 r-xp 00000000 08:05 153707                     /usr/lib/jvm/java-7-oracle/jre/lib/amd64/libjava.so
7f1b45d6f000-7f1b45f6f000 ---p 00029000 08:05 153707                     /usr/lib/jvm/java-7-oracle/jre/lib/amd64/libjava.so
7f1b45f6f000-7f1b45f71000 rw-p 00029000 08:05 153707                     /usr/lib/jvm/java-7-oracle/jre/lib/amd64/libjava.so
7f1b45f71000-7f1b45f7e000 r-xp 00000000 08:05 153675                     /usr/lib/jvm/java-7-oracle/jre/lib/amd64/libverify.so
7f1b45f7e000-7f1b4617d000 ---p 0000d000 08:05 153675                     /usr/lib/jvm/java-7-oracle/jre/lib/amd64/libverify.so
7f1b4617d000-7f1b4617f000 rw-p 0000c000 08:05 153675                     /usr/lib/jvm/java-7-oracle/jre/lib/amd64/libverify.so
7f1b4617f000-7f1b46186000 r-xp 00000000 08:05 136204                     /lib/x86_64-linux-gnu/librt-2.19.so
7f1b46186000-7f1b46385000 ---p 00007000 08:05 136204                     /lib/x86_64-linux-gnu/librt-2.19.so
7f1b46385000-7f1b46386000 r--p 00006000 08:05 136204                     /lib/x86_64-linux-gnu/librt-2.19.so
7f1b46386000-7f1b46387000 rw-p 00007000 08:05 136204                     /lib/x86_64-linux-gnu/librt-2.19.so
7f1b46387000-7f1b4648c000 r-xp 00000000 08:05 136132                     /lib/x86_64-linux-gnu/libm-2.19.so
7f1b4648c000-7f1b4668b000 ---p 00105000 08:05 136132                     /lib/x86_64-linux-gnu/libm-2.19.so
7f1b4668b000-7f1b4668c000 r--p 00104000 08:05 136132                     /lib/x86_64-linux-gnu/libm-2.19.so
7f1b4668c000-7f1b4668d000 rw-p 00105000 08:05 136132                     /lib/x86_64-linux-gnu/libm-2.19.so
7f1b4668d000-7f1b471ef000 r-xp 00000000 08:05 153703                     /usr/lib/jvm/java-7-oracle/jre/lib/amd64/server/libjvm.so
7f1b471ef000-7f1b473ef000 ---p 00b62000 08:05 153703                     /usr/lib/jvm/java-7-oracle/jre/lib/amd64/server/libjvm.so
7f1b473ef000-7f1b474b2000 rw-p 00b62000 08:05 153703                     /usr/lib/jvm/java-7-oracle/jre/lib/amd64/server/libjvm.so
7f1b474b2000-7f1b474f3000 rw-p 00000000 00:00 0 
7f1b474f3000-7f1b476af000 r-xp 00000000 08:05 136082                     /lib/x86_64-linux-gnu/libc-2.19.so
7f1b476af000-7f1b478ae000 ---p 001bc000 08:05 136082                     /lib/x86_64-linux-gnu/libc-2.19.so
7f1b478ae000-7f1b478b2000 r--p 001bb000 08:05 136082                     /lib/x86_64-linux-gnu/libc-2.19.so
7f1b478b2000-7f1b478b4000 rw-p 001bf000 08:05 136082                     /lib/x86_64-linux-gnu/libc-2.19.so
7f1b478b4000-7f1b478b9000 rw-p 00000000 00:00 0 
7f1b478b9000-7f1b478bc000 r-xp 00000000 08:05 136099                     /lib/x86_64-linux-gnu/libdl-2.19.so
7f1b478bc000-7f1b47abb000 ---p 00003000 08:05 136099                     /lib/x86_64-linux-gnu/libdl-2.19.so
7f1b47abb000-7f1b47abc000 r--p 00002000 08:05 136099                     /lib/x86_64-linux-gnu/libdl-2.19.so
7f1b47abc000-7f1b47abd000 rw-p 00003000 08:05 136099                     /lib/x86_64-linux-gnu/libdl-2.19.so
7f1b47abd000-7f1b47ad3000 r-xp 00000000 08:05 152665                     /usr/lib/jvm/java-7-oracle/lib/amd64/jli/libjli.so
7f1b47ad3000-7f1b47cd3000 ---p 00016000 08:05 152665                     /usr/lib/jvm/java-7-oracle/lib/amd64/jli/libjli.so
7f1b47cd3000-7f1b47cd4000 rw-p 00016000 08:05 152665                     /usr/lib/jvm/java-7-oracle/lib/amd64/jli/libjli.so
7f1b47cd4000-7f1b47ced000 r-xp 00000000 08:05 136196                     /lib/x86_64-linux-gnu/libpthread-2.19.so
7f1b47ced000-7f1b47eec000 ---p 00019000 08:05 136196                     /lib/x86_64-linux-gnu/libpthread-2.19.so
7f1b47eec000-7f1b47eed000 r--p 00018000 08:05 136196                     /lib/x86_64-linux-gnu/libpthread-2.19.so
7f1b47eed000-7f1b47eee000 rw-p 00019000 08:05 136196                     /lib/x86_64-linux-gnu/libpthread-2.19.so
7f1b47eee000-7f1b47ef2000 rw-p 00000000 00:00 0 
7f1b47ef2000-7f1b47f15000 r-xp 00000000 08:05 136058                     /lib/x86_64-linux-gnu/ld-2.19.so
7f1b47f15000-7f1b47f16000 rw-p 00000000 00:00 0 
7f1b47f16000-7f1b47f17000 r--s 00002000 08:05 453522                     /home/alexg/Projects/tripping-adventure/services-rest/lib/jersey-simple-server-1.18.1.jar
7f1b47f17000-7f1b47f19000 r--s 00019000 08:05 153787                     /usr/lib/jvm/java-7-oracle/jre/lib/jce.jar
7f1b47f19000-7f1b47f42000 rw-p 00000000 00:00 0 
7f1b47f42000-7f1b47ff8000 rw-p 00000000 00:00 0 
7f1b47ff8000-7f1b47ffb000 ---p 00000000 00:00 0 
7f1b47ffb000-7f1b480fd000 rw-p 00000000 00:00 0                          [stack:16542]
7f1b480fd000-7f1b48101000 r--s 0008a000 08:05 153724                     /usr/lib/jvm/java-7-oracle/jre/lib/jsse.jar
7f1b48101000-7f1b48107000 r--s 0007d000 08:05 153572                     /usr/lib/jvm/java-7-oracle/jre/lib/jfr.jar
7f1b48107000-7f1b48108000 r--s 00000000 08:05 153063                     /usr/lib/jvm/java-7-oracle/jre/lib/management-agent.jar
7f1b48108000-7f1b48110000 rw-s 00000000 08:05 16823                      /tmp/hsperfdata_alexg/16541
7f1b48110000-7f1b48111000 rw-p 00000000 00:00 0 
7f1b48111000-7f1b48112000 ---p 00000000 00:00 0 
7f1b48112000-7f1b48114000 rw-p 00000000 00:00 0 
7f1b48114000-7f1b48115000 r--p 00022000 08:05 136058                     /lib/x86_64-linux-gnu/ld-2.19.so
7f1b48115000-7f1b48116000 rw-p 00023000 08:05 136058                     /lib/x86_64-linux-gnu/ld-2.19.so
7f1b48116000-7f1b48117000 rw-p 00000000 00:00 0 
7ffffd6ae000-7ffffd6d0000 rw-p 00000000 00:00 0                          [stack]
7ffffd76c000-7ffffd76e000 r-xp 00000000 00:00 0                          [vdso]
ffffffffff600000-ffffffffff601000 r-xp 00000000 00:00 0                  [vsyscall]

VM Arguments:
jvm_args: -agentlib:jdwp=transport=dt_socket,address=127.0.0.1:50974,suspend=y,server=n -Dfile.encoding=UTF-8 
java_command: com.trigonometrical.TrigonometricalPublisher
Launcher Type: SUN_STANDARD

Environment Variables:
CLASSPATH=/home/alexg/Tools/IntelliJ/bin/../lib/bootstrap.jar:/home/alexg/Tools/IntelliJ/bin/../lib/extensions.jar:/home/alexg/Tools/IntelliJ/bin/../lib/util.jar:/home/alexg/Tools/IntelliJ/bin/../lib/jdom.jar:/home/alexg/Tools/IntelliJ/bin/../lib/log4j.jar:/home/alexg/Tools/IntelliJ/bin/../lib/trove4j.jar:/home/alexg/Tools/IntelliJ/bin/../lib/jna.jar:/usr/lib/jvm/java-7-oracle/lib/tools.jar
PATH=/usr/local/sbin:/usr/local/bin:/usr/sbin:/usr/bin:/sbin:/bin:/usr/games:/usr/local/games:/home/alexg/Tools/Maven/bin:/home/alexg/Tools/Ant/bin
LD_LIBRARY_PATH=/home/alexg/Tools/IntelliJ/bin:
SHELL=/bin/bash
DISPLAY=:0

Signal Handlers:
SIGSEGV: [libjvm.so+0x993980], sa_mask[0]=0x7ffbfeff, sa_flags=0x10000004
SIGBUS: [libjvm.so+0x993980], sa_mask[0]=0x7ffbfeff, sa_flags=0x10000004
SIGFPE: [libjvm.so+0x8106e0], sa_mask[0]=0x7ffbfeff, sa_flags=0x10000004
SIGPIPE: [libjvm.so+0x8106e0], sa_mask[0]=0x7ffbfeff, sa_flags=0x10000004
SIGXFSZ: [libjvm.so+0x8106e0], sa_mask[0]=0x7ffbfeff, sa_flags=0x10000004
SIGILL: [libjvm.so+0x8106e0], sa_mask[0]=0x7ffbfeff, sa_flags=0x10000004
SIGUSR1: SIG_DFL, sa_mask[0]=0x00000000, sa_flags=0x00000000
SIGUSR2: [libjvm.so+0x811bd0], sa_mask[0]=0x00000004, sa_flags=0x10000004
SIGHUP: [libjvm.so+0x812b40], sa_mask[0]=0x7ffbfeff, sa_flags=0x10000004
SIGINT: [libjvm.so+0x812b40], sa_mask[0]=0x7ffbfeff, sa_flags=0x10000004
SIGTERM: [libjvm.so+0x812b40], sa_mask[0]=0x7ffbfeff, sa_flags=0x10000004
SIGQUIT: [libjvm.so+0x812b40], sa_mask[0]=0x7ffbfeff, sa_flags=0x10000004


---------------  S Y S T E M  ---------------

OS:jessie/sid

uname:Linux 3.13.0-24-generic #46-Ubuntu SMP Thu Apr 10 19:11:08 UTC 2014 x86_64
libc:glibc 2.19 NPTL 2.19 
rlimit: STACK 8192k, CORE 0k, NPROC 46807, NOFILE 4096, AS infinity
load average:3,92 1,43 0,81

/proc/meminfo:
MemTotal:        6012812 kB
MemFree:          109472 kB
Buffers:             316 kB
Cached:           251564 kB
SwapCached:            0 kB
Active:          5501828 kB
Inactive:         214624 kB
Active(anon):    5477048 kB
Inactive(anon):   197100 kB
Active(file):      24780 kB
Inactive(file):    17524 kB
Unevictable:          32 kB
Mlocked:              32 kB
SwapTotal:             0 kB
SwapFree:              0 kB
Dirty:               400 kB
Writeback:             0 kB
AnonPages:       5465020 kB
Mapped:           160544 kB
Shmem:            209228 kB
Slab:              66172 kB
SReclaimable:      31024 kB
SUnreclaim:        35148 kB
KernelStack:        8088 kB
PageTables:        38440 kB
NFS_Unstable:          0 kB
Bounce:                0 kB
WritebackTmp:          0 kB
CommitLimit:     3006404 kB
Committed_AS:   19501388 kB
VmallocTotal:   34359738367 kB
VmallocUsed:      354500 kB
VmallocChunk:   34359374460 kB
HardwareCorrupted:     0 kB
AnonHugePages:   2521088 kB
HugePages_Total:       0
HugePages_Free:        0
HugePages_Rsvd:        0
HugePages_Surp:        0
Hugepagesize:       2048 kB
DirectMap4k:       61976 kB
DirectMap2M:     6131712 kB


CPU:total 2 (2 cores per cpu, 1 threads per core) family 6 model 42 stepping 7, cmov, cx8, fxsr, mmx, sse, sse2, sse3, ssse3, sse4.1, sse4.2, popcnt, tsc, tscinvbit

/proc/cpuinfo:
processor	: 0
vendor_id	: GenuineIntel
cpu family	: 6
model		: 42
model name	: Intel(R) Celeron(R) CPU B815 @ 1.60GHz
stepping	: 7
microcode	: 0x23
cpu MHz		: 1600.000
cache size	: 2048 KB
physical id	: 0
siblings	: 2
core id		: 0
cpu cores	: 2
apicid		: 0
initial apicid	: 0
fpu		: yes
fpu_exception	: yes
cpuid level	: 13
wp		: yes
flags		: fpu vme de pse tsc msr pae mce cx8 apic sep mtrr pge mca cmov pat pse36 clflush dts acpi mmx fxsr sse sse2 ss ht tm pbe syscall nx rdtscp lm constant_tsc arch_perfmon pebs bts rep_good nopl xtopology nonstop_tsc aperfmperf eagerfpu pni pclmulqdq dtes64 monitor ds_cpl vmx est tm2 ssse3 cx16 xtpr pdcm pcid sse4_1 sse4_2 x2apic popcnt tsc_deadline_timer xsave lahf_lm arat epb xsaveopt pln pts dtherm tpr_shadow vnmi flexpriority ept vpid
bogomips	: 3192.61
clflush size	: 64
cache_alignment	: 64
address sizes	: 36 bits physical, 48 bits virtual
power management:

processor	: 1
vendor_id	: GenuineIntel
cpu family	: 6
model		: 42
model name	: Intel(R) Celeron(R) CPU B815 @ 1.60GHz
stepping	: 7
microcode	: 0x23
cpu MHz		: 1600.000
cache size	: 2048 KB
physical id	: 0
siblings	: 2
core id		: 1
cpu cores	: 2
apicid		: 2
initial apicid	: 2
fpu		: yes
fpu_exception	: yes
cpuid level	: 13
wp		: yes
flags		: fpu vme de pse tsc msr pae mce cx8 apic sep mtrr pge mca cmov pat pse36 clflush dts acpi mmx fxsr sse sse2 ss ht tm pbe syscall nx rdtscp lm constant_tsc arch_perfmon pebs bts rep_good nopl xtopology nonstop_tsc aperfmperf eagerfpu pni pclmulqdq dtes64 monitor ds_cpl vmx est tm2 ssse3 cx16 xtpr pdcm pcid sse4_1 sse4_2 x2apic popcnt tsc_deadline_timer xsave lahf_lm arat epb xsaveopt pln pts dtherm tpr_shadow vnmi flexpriority ept vpid
bogomips	: 3192.61
clflush size	: 64
cache_alignment	: 64
address sizes	: 36 bits physical, 48 bits virtual
power management:



Memory: 4k page, physical 6012812k(109472k free), swap 0k(0k free)

vm_info: Java HotSpot(TM) 64-Bit Server VM (24.55-b03) for linux-amd64 JRE (1.7.0_55-b13), built on Mar 17 2014 19:43:58 by "java_re" with gcc 4.3.0 20080428 (Red Hat 4.3.0-8)

time: Thu Jun  5 21:00:20 2014
elapsed time: 2 seconds

