#
# There is insufficient memory for the Java Runtime Environment to continue.
# Native memory allocation (malloc) failed to allocate 100663296 bytes for committing reserved memory.
# Possible reasons:
#   The system is out of physical RAM or swap space
#   In 32 bit mode, the process size limit was hit
# Possible solutions:
#   Reduce memory load on the system
#   Increase physical memory or swap space
#   Check if swap backing store is full
#   Use 64 bit Java on a 64 bit OS
#   Decrease Java heap size (-Xmx/-Xms)
#   Decrease number of Java threads
#   Decrease Java thread stack sizes (-Xss)
#   Set larger code cache with -XX:ReservedCodeCacheSize=
# This output file may be truncated or incomplete.
#
#  Out of Memory Error (os_linux.cpp:2726), pid=16496, tid=140327332595456
#
# JRE version: Java(TM) SE Runtime Environment (7.0_55-b13) (build 1.7.0_55-b13)
# Java VM: Java HotSpot(TM) 64-Bit Server VM (24.55-b03 mixed mode linux-amd64 compressed oops)
# Failed to write core dump. Core dumps have been disabled. To enable core dumping, try "ulimit -c unlimited" before starting Java again
#

---------------  T H R E A D  ---------------

Current thread (0x00007fa088066000):  VMThread [stack: 0x00007fa080bfc000,0x00007fa080cfd000] [id=16505]

Stack: [0x00007fa080bfc000,0x00007fa080cfd000],  sp=0x00007fa080cfb290,  free space=1020k
Native frames: (J=compiled Java code, j=interpreted, Vv=VM code, C=native code)
V  [libjvm.so+0x99305a]  VMError::report_and_die()+0x2ea
V  [libjvm.so+0x4931fb]  report_vm_out_of_memory(char const*, int, unsigned long, char const*)+0x9b
V  [libjvm.so+0x8134be]  os::Linux::commit_memory_impl(char*, unsigned long, bool)+0xfe
V  [libjvm.so+0x81396f]  os::Linux::commit_memory_impl(char*, unsigned long, unsigned long, bool)+0x4f
V  [libjvm.so+0x813b5c]  os::pd_commit_memory(char*, unsigned long, unsigned long, bool)+0xc
V  [libjvm.so+0x80dc1a]  os::commit_memory(char*, unsigned long, unsigned long, bool)+0x2a
V  [libjvm.so+0x87fde3]  PSVirtualSpace::expand_by(unsigned long)+0x53
V  [libjvm.so+0x8811b8]  PSYoungGen::resize_generation(unsigned long, unsigned long)+0xf8
V  [libjvm.so+0x880322]  PSYoungGen::resize(unsigned long, unsigned long)+0x22
V  [libjvm.so+0x87d7bb]  PSScavenge::invoke_no_policy()+0xf3b
V  [libjvm.so+0x87df21]  PSScavenge::invoke()+0x41
V  [libjvm.so+0x835020]  ParallelScavengeHeap::failed_mem_allocate(unsigned long)+0x70
V  [libjvm.so+0x9948f7]  VM_ParallelGCFailedAllocation::doit()+0x97
V  [libjvm.so+0x99bd25]  VM_Operation::evaluate()+0x55
V  [libjvm.so+0x99a15a]  VMThread::evaluate_operation(VM_Operation*)+0xba
V  [libjvm.so+0x99a4de]  VMThread::loop()+0x1ce
V  [libjvm.so+0x99a950]  VMThread::run()+0x70
V  [libjvm.so+0x815668]  java_start(Thread*)+0x108

VM_Operation (0x00007fa08f2197c0): ParallelGCFailedAllocation, mode: safepoint, requested by thread 0x00007fa08800a800


---------------  P R O C E S S  ---------------

Java Threads: ( => current thread )
  0x00007fa088132000 JavaThread "Monitor Ctrl-Break" daemon [_thread_in_native, id=16522, stack(0x00007fa06b789000,0x00007fa06b88a000)]
  0x00007fa088093800 JavaThread "Service Thread" daemon [_thread_blocked, id=16518, stack(0x00007fa06bbfc000,0x00007fa06bcfd000)]
  0x00007fa088091800 JavaThread "C2 CompilerThread1" daemon [_thread_blocked, id=16517, stack(0x00007fa06bcfd000,0x00007fa06bdfe000)]
  0x00007fa08808e800 JavaThread "C2 CompilerThread0" daemon [_thread_blocked, id=16515, stack(0x00007fa06bdfe000,0x00007fa06beff000)]
  0x00007fa088084000 JavaThread "Signal Dispatcher" daemon [_thread_blocked, id=16513, stack(0x00007fa06beff000,0x00007fa06c000000)]
  0x00007fa08806c800 JavaThread "Finalizer" daemon [_thread_blocked, id=16509, stack(0x00007fa0809fa000,0x00007fa080afb000)]
  0x00007fa088068000 JavaThread "Reference Handler" daemon [_thread_blocked, id=16507, stack(0x00007fa080afb000,0x00007fa080bfc000)]
  0x00007fa08800a800 JavaThread "main" [_thread_blocked, id=16499, stack(0x00007fa08f11b000,0x00007fa08f21c000)]

Other Threads:
=>0x00007fa088066000 VMThread [stack: 0x00007fa080bfc000,0x00007fa080cfd000] [id=16505]
  0x00007fa08809e000 WatcherThread [stack: 0x00007fa06bafb000,0x00007fa06bbfc000] [id=16519]

VM state:at safepoint (normal execution)

VM Mutex/Monitor currently owned by a thread:  ([mutex/lock_event])
[0x00007fa0880070d0] Threads_lock - owner thread: 0x00007fa088066000
[0x00007fa0880075d0] Heap_lock - owner thread: 0x00007fa08800a800

Heap
 PSYoungGen      total 99328K, used 286K [0x00000000e1680000, 0x00000000e7880000, 0x0000000100000000)
  eden space 98304K, 0% used [0x00000000e1680000,0x00000000e1680000,0x00000000e7680000)
  from space 1024K, 27% used [0x00000000e7680000,0x00000000e76c7910,0x00000000e7780000)
  to   space 1024K, 0% used [0x00000000e7780000,0x00000000e7780000,0x00000000e7880000)
 ParOldGen       total 62464K, used 566K [0x00000000a4400000, 0x00000000a8100000, 0x00000000e1680000)
  object space 62464K, 0% used [0x00000000a4400000,0x00000000a448dbd0,0x00000000a8100000)
 PSPermGen       total 21504K, used 4252K [0x000000009f200000, 0x00000000a0700000, 0x00000000a4400000)
  object space 21504K, 19% used [0x000000009f200000,0x000000009f627170,0x00000000a0700000)

Card table byte_map: [0x00007fa08c10a000,0x00007fa08c412000] byte_map_base: 0x00007fa08bc11000

Polling page: 0x00007fa08f234000

Code Cache  [0x00007fa085000000, 0x00007fa085270000, 0x00007fa088000000)
 total_blobs=276 nmethods=52 adapters=179 free_code_cache=48581Kb largest_free_block=49697216

Compilation events (10 events):
Event: 2,473 Thread 0x00007fa088091800 nmethod 47 0x00007fa085075050 code [0x00007fa0850751a0, 0x00007fa085075318]
Event: 2,489 Thread 0x00007fa08808e800   48             java.lang.String::<init> (67 bytes)
Event: 2,493 Thread 0x00007fa08808e800 nmethod 48 0x00007fa085074ad0 code [0x00007fa085074c20, 0x00007fa085074e98]
Event: 2,505 Thread 0x00007fa088091800   49             java.util.zip.InflaterInputStream::ensureOpen (18 bytes)
Event: 2,505 Thread 0x00007fa088091800 nmethod 49 0x00007fa085074890 code [0x00007fa0850749c0, 0x00007fa085074a38]
Event: 2,537 Thread 0x00007fa08808e800   50 %           org.objectweb.asm.ClassReader::accept @ 273 (5621 bytes)
Event: 2,543 Thread 0x00007fa088091800   51             org.objectweb.asm.ClassReader::readClass (16 bytes)
Event: 2,545 Thread 0x00007fa088091800 nmethod 51 0x00007fa085074450 code [0x00007fa0850745a0, 0x00007fa0850746e8]
Event: 2,610 Thread 0x00007fa088091800   52   !         java.util.zip.Inflater::inflate (113 bytes)
Event: 2,616 Thread 0x00007fa088091800 nmethod 52 0x00007fa085084b50 code [0x00007fa085084cc0, 0x00007fa085085108]

GC Heap History (10 events):
Event: 2,116 GC heap after
Heap after GC invocations=2 (full 0):
 PSYoungGen      total 28160K, used 589K [0x00000000e1680000, 0x00000000e3580000, 0x0000000100000000)
  eden space 24576K, 0% used [0x00000000e1680000,0x00000000e1680000,0x00000000e2e80000)
  from space 3584K, 16% used [0x00000000e3200000,0x00000000e32936d0,0x00000000e3580000)
  to   space 3584K, 0% used [0x00000000e2e80000,0x00000000e2e80000,0x00000000e3200000)
 ParOldGen       total 62464K, used 16K [0x00000000a4400000, 0x00000000a8100000, 0x00000000e1680000)
  object space 62464K, 0% used [0x00000000a4400000,0x00000000a4404000,0x00000000a8100000)
 PSPermGen       total 21504K, used 4240K [0x000000009f200000, 0x00000000a0700000, 0x00000000a4400000)
  object space 21504K, 19% used [0x000000009f200000,0x000000009f624388,0x00000000a0700000)
}
Event: 2,251 GC heap before
{Heap before GC invocations=3 (full 0):
 PSYoungGen      total 28160K, used 25165K [0x00000000e1680000, 0x00000000e3580000, 0x0000000100000000)
  eden space 24576K, 100% used [0x00000000e1680000,0x00000000e2e80000,0x00000000e2e80000)
  from space 3584K, 16% used [0x00000000e3200000,0x00000000e32936d0,0x00000000e3580000)
  to   space 3584K, 0% used [0x00000000e2e80000,0x00000000e2e80000,0x00000000e3200000)
 ParOldGen       total 62464K, used 16K [0x00000000a4400000, 0x00000000a8100000, 0x00000000e1680000)
  object space 62464K, 0% used [0x00000000a4400000,0x00000000a4404000,0x00000000a8100000)
 PSPermGen       total 21504K, used 4251K [0x000000009f200000, 0x00000000a0700000, 0x00000000a4400000)
  object space 21504K, 19% used [0x000000009f200000,0x000000009f626eb8,0x00000000a0700000)
Event: 2,254 GC heap after
Heap after GC invocations=3 (full 0):
 PSYoungGen      total 28160K, used 589K [0x00000000e1680000, 0x00000000e4d80000, 0x0000000100000000)
  eden space 24576K, 0% used [0x00000000e1680000,0x00000000e1680000,0x00000000e2e80000)
  from space 3584K, 16% used [0x00000000e2e80000,0x00000000e2f136d0,0x00000000e3200000)
  to   space 3584K, 0% used [0x00000000e4a00000,0x00000000e4a00000,0x00000000e4d80000)
 ParOldGen       total 62464K, used 16K [0x00000000a4400000, 0x00000000a8100000, 0x00000000e1680000)
  object space 62464K, 0% used [0x00000000a4400000,0x00000000a4404000,0x00000000a8100000)
 PSPermGen       total 21504K, used 4251K [0x000000009f200000, 0x00000000a0700000, 0x00000000a4400000)
  object space 21504K, 19% used [0x000000009f200000,0x000000009f626eb8,0x00000000a0700000)
}
Event: 2,398 GC heap before
{Heap before GC invocations=4 (full 0):
 PSYoungGen      total 28160K, used 25165K [0x00000000e1680000, 0x00000000e4d80000, 0x0000000100000000)
  eden space 24576K, 100% used [0x00000000e1680000,0x00000000e2e80000,0x00000000e2e80000)
  from space 3584K, 16% used [0x00000000e2e80000,0x00000000e2f136d0,0x00000000e3200000)
  to   space 3584K, 0% used [0x00000000e4a00000,0x00000000e4a00000,0x00000000e4d80000)
 ParOldGen       total 62464K, used 16K [0x00000000a4400000, 0x00000000a8100000, 0x00000000e1680000)
  object space 62464K, 0% used [0x00000000a4400000,0x00000000a4404000,0x00000000a8100000)
 PSPermGen       total 21504K, used 4251K [0x000000009f200000, 0x00000000a0700000, 0x00000000a4400000)
  object space 21504K, 19% used [0x000000009f200000,0x000000009f626eb8,0x00000000a0700000)
Event: 2,402 GC heap after
Heap after GC invocations=4 (full 0):
 PSYoungGen      total 52736K, used 605K [0x00000000e1680000, 0x00000000e4d80000, 0x0000000100000000)
  eden space 49152K, 0% used [0x00000000e1680000,0x00000000e1680000,0x00000000e4680000)
  from space 3584K, 16% used [0x00000000e4a00000,0x00000000e4a976c0,0x00000000e4d80000)
  to   space 3584K, 0% used [0x00000000e4680000,0x00000000e4680000,0x00000000e4a00000)
 ParOldGen       total 62464K, used 24K [0x00000000a4400000, 0x00000000a8100000, 0x00000000e1680000)
  object space 62464K, 0% used [0x00000000a4400000,0x00000000a4406000,0x00000000a8100000)
 PSPermGen       total 21504K, used 4251K [0x000000009f200000, 0x00000000a0700000, 0x00000000a4400000)
  object space 21504K, 19% used [0x000000009f200000,0x000000009f626eb8,0x00000000a0700000)
}
Event: 2,747 GC heap before
{Heap before GC invocations=5 (full 0):
 PSYoungGen      total 52736K, used 49673K [0x00000000e1680000, 0x00000000e4d80000, 0x0000000100000000)
  eden space 49152K, 99% used [0x00000000e1680000,0x00000000e466ad78,0x00000000e4680000)
  from space 3584K, 16% used [0x00000000e4a00000,0x00000000e4a976c0,0x00000000e4d80000)
  to   space 3584K, 0% used [0x00000000e4680000,0x00000000e4680000,0x00000000e4a00000)
 ParOldGen       total 62464K, used 24K [0x00000000a4400000, 0x00000000a8100000, 0x00000000e1680000)
  object space 62464K, 0% used [0x00000000a4400000,0x00000000a4406000,0x00000000a8100000)
 PSPermGen       total 21504K, used 4252K [0x000000009f200000, 0x00000000a0700000, 0x00000000a4400000)
  object space 21504K, 19% used [0x000000009f200000,0x000000009f627170,0x00000000a0700000)
Event: 2,752 GC heap after
Heap after GC invocations=5 (full 0):
 PSYoungGen      total 52736K, used 680K [0x00000000e1680000, 0x00000000e7880000, 0x0000000100000000)
  eden space 49152K, 0% used [0x00000000e1680000,0x00000000e1680000,0x00000000e4680000)
  from space 3584K, 18% used [0x00000000e4680000,0x00000000e472a230,0x00000000e4a00000)
  to   space 1024K, 0% used [0x00000000e7780000,0x00000000e7780000,0x00000000e7880000)
 ParOldGen       total 62464K, used 24K [0x00000000a4400000, 0x00000000a8100000, 0x00000000e1680000)
  object space 62464K, 0% used [0x00000000a4400000,0x00000000a4406000,0x00000000a8100000)
 PSPermGen       total 21504K, used 4252K [0x000000009f200000, 0x00000000a0700000, 0x00000000a4400000)
  object space 21504K, 19% used [0x000000009f200000,0x000000009f627170,0x00000000a0700000)
}
Event: 2,847 GC heap before
{Heap before GC invocations=6 (full 0):
 PSYoungGen      total 52736K, used 49832K [0x00000000e1680000, 0x00000000e7880000, 0x0000000100000000)
  eden space 49152K, 100% used [0x00000000e1680000,0x00000000e4680000,0x00000000e4680000)
  from space 3584K, 18% used [0x00000000e4680000,0x00000000e472a230,0x00000000e4a00000)
  to   space 1024K, 0% used [0x00000000e7780000,0x00000000e7780000,0x00000000e7880000)
 ParOldGen       total 62464K, used 24K [0x00000000a4400000, 0x00000000a8100000, 0x00000000e1680000)
  object space 62464K, 0% used [0x00000000a4400000,0x00000000a4406000,0x00000000a8100000)
 PSPermGen       total 21504K, used 4252K [0x000000009f200000, 0x00000000a0700000, 0x00000000a4400000)
  object space 21504K, 19% used [0x000000009f200000,0x000000009f627170,0x00000000a0700000)
Event: 2,850 GC heap after
Heap after GC invocations=6 (full 0):
 PSYoungGen      total 99328K, used 605K [0x00000000e1680000, 0x00000000e7880000, 0x0000000100000000)
  eden space 98304K, 0% used [0x00000000e1680000,0x00000000e1680000,0x00000000e7680000)
  from space 1024K, 59% used [0x00000000e7780000,0x00000000e7817650,0x00000000e7880000)
  to   space 1024K, 0% used [0x00000000e7680000,0x00000000e7680000,0x00000000e7780000)
 ParOldGen       total 62464K, used 24K [0x00000000a4400000, 0x00000000a8100000, 0x00000000e1680000)
  object space 62464K, 0% used [0x00000000a4400000,0x00000000a4406000,0x00000000a8100000)
 PSPermGen       total 21504K, used 4252K [0x000000009f200000, 0x00000000a0700000, 0x00000000a4400000)
  object space 21504K, 19% used [0x000000009f200000,0x000000009f627170,0x00000000a0700000)
}
Event: 3,100 GC heap before
{Heap before GC invocations=7 (full 0):
 PSYoungGen      total 99328K, used 98855K [0x00000000e1680000, 0x00000000e7880000, 0x0000000100000000)
  eden space 98304K, 99% used [0x00000000e1680000,0x00000000e76727f8,0x00000000e7680000)
  from space 1024K, 59% used [0x00000000e7780000,0x00000000e7817650,0x00000000e7880000)
  to   space 1024K, 0% used [0x00000000e7680000,0x00000000e7680000,0x00000000e7780000)
 ParOldGen       total 62464K, used 24K [0x00000000a4400000, 0x00000000a8100000, 0x00000000e1680000)
  object space 62464K, 0% used [0x00000000a4400000,0x00000000a4406000,0x00000000a8100000)
 PSPermGen       total 21504K, used 4252K [0x000000009f200000, 0x00000000a0700000, 0x00000000a4400000)
  object space 21504K, 19% used [0x000000009f200000,0x000000009f627170,0x00000000a0700000)

Deoptimization events (1 events):
Event: 2,501 Thread 0x00007fa08800a800 Uncommon trap: reason=unreached action=reinterpret pc=0x00007fa08508ef7c method=org.objectweb.asm.ClassReader.accept(Lorg/objectweb/asm/ClassVisitor;[Lorg/objectweb/asm/Attribute;I)V @ 712

Internal exceptions (10 events):
Event: 1,175 Thread 0x00007fa08800a800 Threw 0x00000000e1ccc850 at /HUDSON/workspace/7u-2-build-linux-amd64/jdk7u55/869/hotspot/src/share/vm/prims/jvm.cpp:1244
Event: 1,177 Thread 0x00007fa08800a800 Threw 0x00000000e1cd11e8 at /HUDSON/workspace/7u-2-build-linux-amd64/jdk7u55/869/hotspot/src/share/vm/prims/jvm.cpp:1244
Event: 1,179 Thread 0x00007fa08800a800 Threw 0x00000000e1cd6ef8 at /HUDSON/workspace/7u-2-build-linux-amd64/jdk7u55/869/hotspot/src/share/vm/prims/jvm.cpp:1244
Event: 1,182 Thread 0x00007fa08800a800 Threw 0x00000000e1cdfe90 at /HUDSON/workspace/7u-2-build-linux-amd64/jdk7u55/869/hotspot/src/share/vm/prims/jvm.cpp:1244
Event: 1,186 Thread 0x00007fa08800a800 Threw 0x00000000e1ce5910 at /HUDSON/workspace/7u-2-build-linux-amd64/jdk7u55/869/hotspot/src/share/vm/prims/jvm.cpp:1244
Event: 1,187 Thread 0x00007fa08800a800 Threw 0x00000000e1cea3e0 at /HUDSON/workspace/7u-2-build-linux-amd64/jdk7u55/869/hotspot/src/share/vm/prims/jvm.cpp:1244
Event: 1,193 Thread 0x00007fa08800a800 Threw 0x00000000e1d00130 at /HUDSON/workspace/7u-2-build-linux-amd64/jdk7u55/869/hotspot/src/share/vm/prims/jvm.cpp:1244
Event: 1,206 Thread 0x00007fa08800a800 Threw 0x00000000e1d12818 at /HUDSON/workspace/7u-2-build-linux-amd64/jdk7u55/869/hotspot/src/share/vm/prims/jvm.cpp:1244
Event: 1,923 Thread 0x00007fa08800a800 Threw 0x00000000e1d97d08 at /HUDSON/workspace/7u-2-build-linux-amd64/jdk7u55/869/hotspot/src/share/vm/prims/jvm.cpp:1244
Event: 2,175 Thread 0x00007fa08800a800 Threw 0x00000000e24c5570 at /HUDSON/workspace/7u-2-build-linux-amd64/jdk7u55/869/hotspot/src/share/vm/prims/jvm.cpp:1244

Events (10 events):
Event: 2,398 Executing VM operation: ParallelGCFailedAllocation
Event: 2,402 Executing VM operation: ParallelGCFailedAllocation done
Event: 2,501 Thread 0x00007fa08800a800 Uncommon trap: trap_request=0xffffffad fr.pc=0x00007fa08508ef7c
Event: 2,501 Thread 0x00007fa08800a800 DEOPT PACKING pc=0x00007fa08508ef7c sp=0x00007fa08f2199a0
Event: 2,501 Thread 0x00007fa08800a800 DEOPT UNPACKING pc=0x00007fa085039045 sp=0x00007fa08f2198e8 mode 2
Event: 2,747 Executing VM operation: ParallelGCFailedAllocation
Event: 2,752 Executing VM operation: ParallelGCFailedAllocation done
Event: 2,847 Executing VM operation: ParallelGCFailedAllocation
Event: 2,850 Executing VM operation: ParallelGCFailedAllocation done
Event: 3,100 Executing VM operation: ParallelGCFailedAllocation


Dynamic libraries:
00400000-00401000 r-xp 00000000 08:05 289291                             /usr/lib/jvm/java-7-oracle/bin/java
00600000-00601000 rw-p 00000000 08:05 289291                             /usr/lib/jvm/java-7-oracle/bin/java
0200f000-02030000 rw-p 00000000 00:00 0                                  [heap]
9f200000-a0700000 rw-p 00000000 00:00 0 
a0700000-a4400000 rw-p 00000000 00:00 0 
a4400000-a8100000 rw-p 00000000 00:00 0 
a8100000-e1680000 rw-p 00000000 00:00 0 
e1680000-e7880000 rw-p 00000000 00:00 0 
ed880000-100000000 rw-p 00000000 00:00 0 
7fa04c000000-7fa04c021000 rw-p 00000000 00:00 0 
7fa04c021000-7fa050000000 ---p 00000000 00:00 0 
7fa054000000-7fa05448b000 rw-p 00000000 00:00 0 
7fa05448b000-7fa058000000 ---p 00000000 00:00 0 
7fa058000000-7fa058021000 rw-p 00000000 00:00 0 
7fa058021000-7fa05c000000 ---p 00000000 00:00 0 
7fa05c000000-7fa05cd21000 rw-p 00000000 00:00 0 
7fa05cd21000-7fa060000000 ---p 00000000 00:00 0 
7fa060000000-7fa060021000 rw-p 00000000 00:00 0 
7fa060021000-7fa064000000 ---p 00000000 00:00 0 
7fa064000000-7fa064021000 rw-p 00000000 00:00 0 
7fa064021000-7fa068000000 ---p 00000000 00:00 0 
7fa06b32c000-7fa06b33c000 r-xp 00000000 08:05 153663                     /usr/lib/jvm/java-7-oracle/jre/lib/amd64/libnio.so
7fa06b33c000-7fa06b53c000 ---p 00010000 08:05 153663                     /usr/lib/jvm/java-7-oracle/jre/lib/amd64/libnio.so
7fa06b53c000-7fa06b53d000 rw-p 00010000 08:05 153663                     /usr/lib/jvm/java-7-oracle/jre/lib/amd64/libnio.so
7fa06b53d000-7fa06b541000 r--s 000f7000 08:05 153738                     /usr/lib/jvm/java-7-oracle/jre/lib/ext/localedata.jar
7fa06b541000-7fa06b572000 rw-p 00000000 00:00 0 
7fa06b572000-7fa06b588000 r-xp 00000000 08:05 153709                     /usr/lib/jvm/java-7-oracle/jre/lib/amd64/libnet.so
7fa06b588000-7fa06b788000 ---p 00016000 08:05 153709                     /usr/lib/jvm/java-7-oracle/jre/lib/amd64/libnet.so
7fa06b788000-7fa06b789000 rw-p 00016000 08:05 153709                     /usr/lib/jvm/java-7-oracle/jre/lib/amd64/libnet.so
7fa06b789000-7fa06b78c000 ---p 00000000 00:00 0 
7fa06b78c000-7fa06b88a000 rw-p 00000000 00:00 0                          [stack:16522]
7fa06b88a000-7fa06b88b000 r-xp 00000000 08:05 432142                     /home/alexg/Tools/IntelliJ/bin/libbreakgen64.so
7fa06b88b000-7fa06ba8a000 ---p 00001000 08:05 432142                     /home/alexg/Tools/IntelliJ/bin/libbreakgen64.so
7fa06ba8a000-7fa06ba8b000 r--p 00000000 08:05 432142                     /home/alexg/Tools/IntelliJ/bin/libbreakgen64.so
7fa06ba8b000-7fa06ba8c000 rw-p 00001000 08:05 432142                     /home/alexg/Tools/IntelliJ/bin/libbreakgen64.so
7fa06ba8c000-7fa06ba8e000 r--s 00015000 08:05 431154                     /home/alexg/Tools/IntelliJ/lib/idea_rt.jar
7fa06ba8e000-7fa06ba91000 r--s 00006000 08:05 450676                     /home/alexg/Projects/tripping-adventure/services-rest/lib/jackson-annotations-2.2.3.jar
7fa06ba91000-7fa06ba94000 r--s 00015000 08:05 453450                     /home/alexg/Projects/tripping-adventure/services-rest/lib/javax.servlet-api-3.1.0.jar
7fa06ba94000-7fa06baa5000 r--s 000c3000 08:05 454207                     /home/alexg/Projects/tripping-adventure/services-rest/lib/jackson-databind-2.2.3.jar
7fa06baa5000-7fa06bac6000 r--s 00154000 08:05 450698                     /home/alexg/Projects/tripping-adventure/services-rest/lib/jersey-bundle-1.18.jar
7fa06bac6000-7fa06baca000 r--s 0002c000 08:05 430835                     /home/alexg/Projects/tripping-adventure/services-rest/lib/jackson-core-2.2.3.jar
7fa06baca000-7fa06bacf000 r--s 0002e000 08:05 433938                     /home/alexg/Projects/tripping-adventure/services-rest/lib/asm-all-3.3.1.jar
7fa06bacf000-7fa06bae8000 r--s 001df000 08:05 153772                     /usr/lib/jvm/java-7-oracle/jre/lib/deploy.jar
7fa06bae8000-7fa06bafb000 r--s 000d4000 08:05 153746                     /usr/lib/jvm/java-7-oracle/jre/lib/plugin.jar
7fa06bafb000-7fa06bafc000 ---p 00000000 00:00 0 
7fa06bafc000-7fa06bbfc000 rw-p 00000000 00:00 0                          [stack:16519]
7fa06bbfc000-7fa06bbff000 ---p 00000000 00:00 0 
7fa06bbff000-7fa06bcfd000 rw-p 00000000 00:00 0                          [stack:16518]
7fa06bcfd000-7fa06bd00000 ---p 00000000 00:00 0 
7fa06bd00000-7fa06bdfe000 rw-p 00000000 00:00 0                          [stack:16517]
7fa06bdfe000-7fa06be01000 ---p 00000000 00:00 0 
7fa06be01000-7fa06beff000 rw-p 00000000 00:00 0                          [stack:16515]
7fa06beff000-7fa06bf02000 ---p 00000000 00:00 0 
7fa06bf02000-7fa06c000000 rw-p 00000000 00:00 0                          [stack:16513]
7fa06c000000-7fa06c021000 rw-p 00000000 00:00 0 
7fa06c021000-7fa070000000 ---p 00000000 00:00 0 
7fa070000000-7fa070021000 rw-p 00000000 00:00 0 
7fa070021000-7fa074000000 ---p 00000000 00:00 0 
7fa074000000-7fa074021000 rw-p 00000000 00:00 0 
7fa074021000-7fa078000000 ---p 00000000 00:00 0 
7fa078000000-7fa07824b000 rw-p 00000000 00:00 0 
7fa07824b000-7fa07c000000 ---p 00000000 00:00 0 
7fa07c000000-7fa07c021000 rw-p 00000000 00:00 0 
7fa07c021000-7fa080000000 ---p 00000000 00:00 0 
7fa080000000-7fa080007000 r--s 00038000 08:05 453570                     /home/alexg/Projects/tripping-adventure/services-rest/lib/simple-5.1.5.jar
7fa080007000-7fa080012000 r--s 0037c000 08:05 153753                     /usr/lib/jvm/java-7-oracle/jre/lib/charsets.jar
7fa080012000-7fa0800a1000 r--s 00de4000 08:05 153745                     /usr/lib/jvm/java-7-oracle/jre/lib/jfxrt.jar
7fa0800a1000-7fa0809fa000 r--p 00000000 08:05 2850                       /usr/lib/locale/locale-archive
7fa0809fa000-7fa0809fd000 ---p 00000000 00:00 0 
7fa0809fd000-7fa080afb000 rw-p 00000000 00:00 0                          [stack:16509]
7fa080afb000-7fa080afe000 ---p 00000000 00:00 0 
7fa080afe000-7fa080bfc000 rw-p 00000000 00:00 0                          [stack:16507]
7fa080bfc000-7fa080bfd000 ---p 00000000 00:00 0 
7fa080bfd000-7fa081669000 rw-p 00000000 00:00 0                          [stack:16505]
7fa081669000-7fa081827000 r--s 039d0000 08:05 153754                     /usr/lib/jvm/java-7-oracle/jre/lib/rt.jar
7fa081827000-7fa084c14000 rw-p 00000000 00:00 0 
7fa084c14000-7fa084c15000 ---p 00000000 00:00 0 
7fa084c15000-7fa084d15000 rw-p 00000000 00:00 0                          [stack:16502]
7fa084d15000-7fa084d16000 ---p 00000000 00:00 0 
7fa084d16000-7fa084e35000 rw-p 00000000 00:00 0                          [stack:16501]
7fa084e35000-7fa085000000 rw-p 00000000 00:00 0 
7fa085000000-7fa085270000 rwxp 00000000 00:00 0 
7fa085270000-7fa088283000 rw-p 00000000 00:00 0 
7fa088283000-7fa08c000000 ---p 00000000 00:00 0 
7fa08c001000-7fa08c00a000 r--s 00067000 08:05 153730                     /usr/lib/jvm/java-7-oracle/jre/lib/javaws.jar
7fa08c00a000-7fa08c013000 r--s 00251000 08:05 153729                     /usr/lib/jvm/java-7-oracle/jre/lib/resources.jar
7fa08c013000-7fa08c0ec000 rw-p 00000000 00:00 0 
7fa08c0ec000-7fa08c10a000 rw-p 00000000 00:00 0 
7fa08c10a000-7fa08c115000 rw-p 00000000 00:00 0 
7fa08c115000-7fa08c133000 rw-p 00000000 00:00 0 
7fa08c133000-7fa08c152000 rw-p 00000000 00:00 0 
7fa08c152000-7fa08c31c000 rw-p 00000000 00:00 0 
7fa08c31c000-7fa08c34e000 rw-p 00000000 00:00 0 
7fa08c34e000-7fa08c411000 rw-p 00000000 00:00 0 
7fa08c411000-7fa08c412000 rw-p 00000000 00:00 0 
7fa08c412000-7fa08c42c000 r-xp 00000000 08:05 153712                     /usr/lib/jvm/java-7-oracle/jre/lib/amd64/libzip.so
7fa08c42c000-7fa08c62c000 ---p 0001a000 08:05 153712                     /usr/lib/jvm/java-7-oracle/jre/lib/amd64/libzip.so
7fa08c62c000-7fa08c62d000 rw-p 0001a000 08:05 153712                     /usr/lib/jvm/java-7-oracle/jre/lib/amd64/libzip.so
7fa08c62d000-7fa08c638000 r-xp 00000000 08:05 136157                     /lib/x86_64-linux-gnu/libnss_files-2.19.so
7fa08c638000-7fa08c837000 ---p 0000b000 08:05 136157                     /lib/x86_64-linux-gnu/libnss_files-2.19.so
7fa08c837000-7fa08c838000 r--p 0000a000 08:05 136157                     /lib/x86_64-linux-gnu/libnss_files-2.19.so
7fa08c838000-7fa08c839000 rw-p 0000b000 08:05 136157                     /lib/x86_64-linux-gnu/libnss_files-2.19.so
7fa08c839000-7fa08c844000 r-xp 00000000 08:05 136161                     /lib/x86_64-linux-gnu/libnss_nis-2.19.so
7fa08c844000-7fa08ca43000 ---p 0000b000 08:05 136161                     /lib/x86_64-linux-gnu/libnss_nis-2.19.so
7fa08ca43000-7fa08ca44000 r--p 0000a000 08:05 136161                     /lib/x86_64-linux-gnu/libnss_nis-2.19.so
7fa08ca44000-7fa08ca45000 rw-p 0000b000 08:05 136161                     /lib/x86_64-linux-gnu/libnss_nis-2.19.so
7fa08ca45000-7fa08ca5c000 r-xp 00000000 08:05 136151                     /lib/x86_64-linux-gnu/libnsl-2.19.so
7fa08ca5c000-7fa08cc5b000 ---p 00017000 08:05 136151                     /lib/x86_64-linux-gnu/libnsl-2.19.so
7fa08cc5b000-7fa08cc5c000 r--p 00016000 08:05 136151                     /lib/x86_64-linux-gnu/libnsl-2.19.so
7fa08cc5c000-7fa08cc5d000 rw-p 00017000 08:05 136151                     /lib/x86_64-linux-gnu/libnsl-2.19.so
7fa08cc5d000-7fa08cc5f000 rw-p 00000000 00:00 0 
7fa08cc5f000-7fa08cc68000 r-xp 00000000 08:05 136153                     /lib/x86_64-linux-gnu/libnss_compat-2.19.so
7fa08cc68000-7fa08ce67000 ---p 00009000 08:05 136153                     /lib/x86_64-linux-gnu/libnss_compat-2.19.so
7fa08ce67000-7fa08ce68000 r--p 00008000 08:05 136153                     /lib/x86_64-linux-gnu/libnss_compat-2.19.so
7fa08ce68000-7fa08ce69000 rw-p 00009000 08:05 136153                     /lib/x86_64-linux-gnu/libnss_compat-2.19.so
7fa08ce69000-7fa08ce92000 r-xp 00000000 08:05 153707                     /usr/lib/jvm/java-7-oracle/jre/lib/amd64/libjava.so
7fa08ce92000-7fa08d092000 ---p 00029000 08:05 153707                     /usr/lib/jvm/java-7-oracle/jre/lib/amd64/libjava.so
7fa08d092000-7fa08d094000 rw-p 00029000 08:05 153707                     /usr/lib/jvm/java-7-oracle/jre/lib/amd64/libjava.so
7fa08d094000-7fa08d0a1000 r-xp 00000000 08:05 153675                     /usr/lib/jvm/java-7-oracle/jre/lib/amd64/libverify.so
7fa08d0a1000-7fa08d2a0000 ---p 0000d000 08:05 153675                     /usr/lib/jvm/java-7-oracle/jre/lib/amd64/libverify.so
7fa08d2a0000-7fa08d2a2000 rw-p 0000c000 08:05 153675                     /usr/lib/jvm/java-7-oracle/jre/lib/amd64/libverify.so
7fa08d2a2000-7fa08d2a9000 r-xp 00000000 08:05 136204                     /lib/x86_64-linux-gnu/librt-2.19.so
7fa08d2a9000-7fa08d4a8000 ---p 00007000 08:05 136204                     /lib/x86_64-linux-gnu/librt-2.19.so
7fa08d4a8000-7fa08d4a9000 r--p 00006000 08:05 136204                     /lib/x86_64-linux-gnu/librt-2.19.so
7fa08d4a9000-7fa08d4aa000 rw-p 00007000 08:05 136204                     /lib/x86_64-linux-gnu/librt-2.19.so
7fa08d4aa000-7fa08d5af000 r-xp 00000000 08:05 136132                     /lib/x86_64-linux-gnu/libm-2.19.so
7fa08d5af000-7fa08d7ae000 ---p 00105000 08:05 136132                     /lib/x86_64-linux-gnu/libm-2.19.so
7fa08d7ae000-7fa08d7af000 r--p 00104000 08:05 136132                     /lib/x86_64-linux-gnu/libm-2.19.so
7fa08d7af000-7fa08d7b0000 rw-p 00105000 08:05 136132                     /lib/x86_64-linux-gnu/libm-2.19.so
7fa08d7b0000-7fa08e312000 r-xp 00000000 08:05 153703                     /usr/lib/jvm/java-7-oracle/jre/lib/amd64/server/libjvm.so
7fa08e312000-7fa08e512000 ---p 00b62000 08:05 153703                     /usr/lib/jvm/java-7-oracle/jre/lib/amd64/server/libjvm.so
7fa08e512000-7fa08e5d5000 rw-p 00b62000 08:05 153703                     /usr/lib/jvm/java-7-oracle/jre/lib/amd64/server/libjvm.so
7fa08e5d5000-7fa08e616000 rw-p 00000000 00:00 0 
7fa08e616000-7fa08e7d2000 r-xp 00000000 08:05 136082                     /lib/x86_64-linux-gnu/libc-2.19.so
7fa08e7d2000-7fa08e9d1000 ---p 001bc000 08:05 136082                     /lib/x86_64-linux-gnu/libc-2.19.so
7fa08e9d1000-7fa08e9d5000 r--p 001bb000 08:05 136082                     /lib/x86_64-linux-gnu/libc-2.19.so
7fa08e9d5000-7fa08e9d7000 rw-p 001bf000 08:05 136082                     /lib/x86_64-linux-gnu/libc-2.19.so
7fa08e9d7000-7fa08e9dc000 rw-p 00000000 00:00 0 
7fa08e9dc000-7fa08e9df000 r-xp 00000000 08:05 136099                     /lib/x86_64-linux-gnu/libdl-2.19.so
7fa08e9df000-7fa08ebde000 ---p 00003000 08:05 136099                     /lib/x86_64-linux-gnu/libdl-2.19.so
7fa08ebde000-7fa08ebdf000 r--p 00002000 08:05 136099                     /lib/x86_64-linux-gnu/libdl-2.19.so
7fa08ebdf000-7fa08ebe0000 rw-p 00003000 08:05 136099                     /lib/x86_64-linux-gnu/libdl-2.19.so
7fa08ebe0000-7fa08ebf6000 r-xp 00000000 08:05 152665                     /usr/lib/jvm/java-7-oracle/lib/amd64/jli/libjli.so
7fa08ebf6000-7fa08edf6000 ---p 00016000 08:05 152665                     /usr/lib/jvm/java-7-oracle/lib/amd64/jli/libjli.so
7fa08edf6000-7fa08edf7000 rw-p 00016000 08:05 152665                     /usr/lib/jvm/java-7-oracle/lib/amd64/jli/libjli.so
7fa08edf7000-7fa08ee10000 r-xp 00000000 08:05 136196                     /lib/x86_64-linux-gnu/libpthread-2.19.so
7fa08ee10000-7fa08f00f000 ---p 00019000 08:05 136196                     /lib/x86_64-linux-gnu/libpthread-2.19.so
7fa08f00f000-7fa08f010000 r--p 00018000 08:05 136196                     /lib/x86_64-linux-gnu/libpthread-2.19.so
7fa08f010000-7fa08f011000 rw-p 00019000 08:05 136196                     /lib/x86_64-linux-gnu/libpthread-2.19.so
7fa08f011000-7fa08f015000 rw-p 00000000 00:00 0 
7fa08f015000-7fa08f038000 r-xp 00000000 08:05 136058                     /lib/x86_64-linux-gnu/ld-2.19.so
7fa08f038000-7fa08f039000 rw-p 00000000 00:00 0 
7fa08f039000-7fa08f03a000 r--s 00002000 08:05 453522                     /home/alexg/Projects/tripping-adventure/services-rest/lib/jersey-simple-server-1.18.1.jar
7fa08f03a000-7fa08f03c000 r--s 00019000 08:05 153787                     /usr/lib/jvm/java-7-oracle/jre/lib/jce.jar
7fa08f03c000-7fa08f065000 rw-p 00000000 00:00 0 
7fa08f065000-7fa08f11b000 rw-p 00000000 00:00 0 
7fa08f11b000-7fa08f11e000 ---p 00000000 00:00 0 
7fa08f11e000-7fa08f220000 rw-p 00000000 00:00 0                          [stack:16499]
7fa08f220000-7fa08f224000 r--s 0008a000 08:05 153724                     /usr/lib/jvm/java-7-oracle/jre/lib/jsse.jar
7fa08f224000-7fa08f22a000 r--s 0007d000 08:05 153572                     /usr/lib/jvm/java-7-oracle/jre/lib/jfr.jar
7fa08f22a000-7fa08f22b000 r--s 00000000 08:05 153063                     /usr/lib/jvm/java-7-oracle/jre/lib/management-agent.jar
7fa08f22b000-7fa08f233000 rw-s 00000000 08:05 16823                      /tmp/hsperfdata_alexg/16496
7fa08f233000-7fa08f234000 rw-p 00000000 00:00 0 
7fa08f234000-7fa08f235000 ---p 00000000 00:00 0 
7fa08f235000-7fa08f237000 rw-p 00000000 00:00 0 
7fa08f237000-7fa08f238000 r--p 00022000 08:05 136058                     /lib/x86_64-linux-gnu/ld-2.19.so
7fa08f238000-7fa08f239000 rw-p 00023000 08:05 136058                     /lib/x86_64-linux-gnu/ld-2.19.so
7fa08f239000-7fa08f23a000 rw-p 00000000 00:00 0 
7fff444e5000-7fff44507000 rw-p 00000000 00:00 0                          [stack]
7fff445fe000-7fff44600000 r-xp 00000000 00:00 0                          [vdso]
ffffffffff600000-ffffffffff601000 r-xp 00000000 00:00 0                  [vsyscall]

VM Arguments:
jvm_args: -Didea.launcher.port=7542 -Didea.launcher.bin.path=/home/alexg/Tools/IntelliJ/bin -Dfile.encoding=UTF-8 
java_command: com.intellij.rt.execution.application.AppMain com.multiplication.MultiplicationPublisher
Launcher Type: SUN_STANDARD

Environment Variables:
CLASSPATH=/home/alexg/Tools/IntelliJ/bin/../lib/bootstrap.jar:/home/alexg/Tools/IntelliJ/bin/../lib/extensions.jar:/home/alexg/Tools/IntelliJ/bin/../lib/util.jar:/home/alexg/Tools/IntelliJ/bin/../lib/jdom.jar:/home/alexg/Tools/IntelliJ/bin/../lib/log4j.jar:/home/alexg/Tools/IntelliJ/bin/../lib/trove4j.jar:/home/alexg/Tools/IntelliJ/bin/../lib/jna.jar:/usr/lib/jvm/java-7-oracle/lib/tools.jar
PATH=/usr/local/sbin:/usr/local/bin:/usr/sbin:/usr/bin:/sbin:/bin:/usr/games:/usr/local/games:/home/alexg/Tools/Maven/bin:/home/alexg/Tools/Ant/bin
LD_LIBRARY_PATH=/home/alexg/Tools/IntelliJ/bin:
SHELL=/bin/bash
DISPLAY=:0

Signal Handlers:
SIGSEGV: [libjvm.so+0x993980], sa_mask[0]=0x7ffbfeff, sa_flags=0x10000004
SIGBUS: [libjvm.so+0x993980], sa_mask[0]=0x7ffbfeff, sa_flags=0x10000004
SIGFPE: [libjvm.so+0x8106e0], sa_mask[0]=0x7ffbfeff, sa_flags=0x10000004
SIGPIPE: [libjvm.so+0x8106e0], sa_mask[0]=0x7ffbfeff, sa_flags=0x10000004
SIGXFSZ: [libjvm.so+0x8106e0], sa_mask[0]=0x7ffbfeff, sa_flags=0x10000004
SIGILL: [libjvm.so+0x8106e0], sa_mask[0]=0x7ffbfeff, sa_flags=0x10000004
SIGUSR1: SIG_DFL, sa_mask[0]=0x00000000, sa_flags=0x00000000
SIGUSR2: [libjvm.so+0x811bd0], sa_mask[0]=0x00000004, sa_flags=0x10000004
SIGHUP: [libjvm.so+0x812b40], sa_mask[0]=0x7ffbfeff, sa_flags=0x10000004
SIGINT: [libjvm.so+0x812b40], sa_mask[0]=0x7ffbfeff, sa_flags=0x10000004
SIGTERM: [libjvm.so+0x812b40], sa_mask[0]=0x7ffbfeff, sa_flags=0x10000004
SIGQUIT: [libjvm.so+0x812b40], sa_mask[0]=0x7ffbfeff, sa_flags=0x10000004


---------------  S Y S T E M  ---------------

OS:jessie/sid

uname:Linux 3.13.0-24-generic #46-Ubuntu SMP Thu Apr 10 19:11:08 UTC 2014 x86_64
libc:glibc 2.19 NPTL 2.19 
rlimit: STACK 8192k, CORE 0k, NPROC 46807, NOFILE 4096, AS infinity
load average:4,00 1,41 0,80

/proc/meminfo:
MemTotal:        6012812 kB
MemFree:          108344 kB
Buffers:             308 kB
Cached:           225444 kB
SwapCached:            0 kB
Active:          5512992 kB
Inactive:         204008 kB
Active(anon):    5503280 kB
Inactive(anon):   197144 kB
Active(file):       9712 kB
Inactive(file):     6864 kB
Unevictable:          32 kB
Mlocked:              32 kB
SwapTotal:             0 kB
SwapFree:              0 kB
Dirty:               528 kB
Writeback:             0 kB
AnonPages:       5491260 kB
Mapped:           152400 kB
Shmem:            209228 kB
Slab:              66492 kB
SReclaimable:      31344 kB
SUnreclaim:        35148 kB
KernelStack:        8152 kB
PageTables:        38704 kB
NFS_Unstable:          0 kB
Bounce:                0 kB
WritebackTmp:          0 kB
CommitLimit:     3006404 kB
Committed_AS:   19649312 kB
VmallocTotal:   34359738367 kB
VmallocUsed:      354500 kB
VmallocChunk:   34359374460 kB
HardwareCorrupted:     0 kB
AnonHugePages:   2521088 kB
HugePages_Total:       0
HugePages_Free:        0
HugePages_Rsvd:        0
HugePages_Surp:        0
Hugepagesize:       2048 kB
DirectMap4k:       61976 kB
DirectMap2M:     6131712 kB


CPU:total 2 (2 cores per cpu, 1 threads per core) family 6 model 42 stepping 7, cmov, cx8, fxsr, mmx, sse, sse2, sse3, ssse3, sse4.1, sse4.2, popcnt, tsc, tscinvbit

/proc/cpuinfo:
processor	: 0
vendor_id	: GenuineIntel
cpu family	: 6
model		: 42
model name	: Intel(R) Celeron(R) CPU B815 @ 1.60GHz
stepping	: 7
microcode	: 0x23
cpu MHz		: 1600.000
cache size	: 2048 KB
physical id	: 0
siblings	: 2
core id		: 0
cpu cores	: 2
apicid		: 0
initial apicid	: 0
fpu		: yes
fpu_exception	: yes
cpuid level	: 13
wp		: yes
flags		: fpu vme de pse tsc msr pae mce cx8 apic sep mtrr pge mca cmov pat pse36 clflush dts acpi mmx fxsr sse sse2 ss ht tm pbe syscall nx rdtscp lm constant_tsc arch_perfmon pebs bts rep_good nopl xtopology nonstop_tsc aperfmperf eagerfpu pni pclmulqdq dtes64 monitor ds_cpl vmx est tm2 ssse3 cx16 xtpr pdcm pcid sse4_1 sse4_2 x2apic popcnt tsc_deadline_timer xsave lahf_lm arat epb xsaveopt pln pts dtherm tpr_shadow vnmi flexpriority ept vpid
bogomips	: 3192.61
clflush size	: 64
cache_alignment	: 64
address sizes	: 36 bits physical, 48 bits virtual
power management:

processor	: 1
vendor_id	: GenuineIntel
cpu family	: 6
model		: 42
model name	: Intel(R) Celeron(R) CPU B815 @ 1.60GHz
stepping	: 7
microcode	: 0x23
cpu MHz		: 1200.000
cache size	: 2048 KB
physical id	: 0
siblings	: 2
core id		: 1
cpu cores	: 2
apicid		: 2
initial apicid	: 2
fpu		: yes
fpu_exception	: yes
cpuid level	: 13
wp		: yes
flags		: fpu vme de pse tsc msr pae mce cx8 apic sep mtrr pge mca cmov pat pse36 clflush dts acpi mmx fxsr sse sse2 ss ht tm pbe syscall nx rdtscp lm constant_tsc arch_perfmon pebs bts rep_good nopl xtopology nonstop_tsc aperfmperf eagerfpu pni pclmulqdq dtes64 monitor ds_cpl vmx est tm2 ssse3 cx16 xtpr pdcm pcid sse4_1 sse4_2 x2apic popcnt tsc_deadline_timer xsave lahf_lm arat epb xsaveopt pln pts dtherm tpr_shadow vnmi flexpriority ept vpid
bogomips	: 3192.61
clflush size	: 64
cache_alignment	: 64
address sizes	: 36 bits physical, 48 bits virtual
power management:



Memory: 4k page, physical 6012812k(108344k free), swap 0k(0k free)

vm_info: Java HotSpot(TM) 64-Bit Server VM (24.55-b03) for linux-amd64 JRE (1.7.0_55-b13), built on Mar 17 2014 19:43:58 by "java_re" with gcc 4.3.0 20080428 (Red Hat 4.3.0-8)

time: Thu Jun  5 21:00:15 2014
elapsed time: 3 seconds

